{"timestamp":"2024-12-28T21:00:00.076Z","level":"ERROR","message":"Error occurred: Expected ',' or '}' after property value in JSON at position 1927","method":"N/A","url":"N/A"}
{"timestamp":"2024-12-28T21:00:15.558Z","level":"ERROR","message":"Error occurred: Expected ',' or '}' after property value in JSON at position 1927","method":"N/A","url":"N/A"}
{"timestamp":"2024-12-28T21:00:31.263Z","level":"ERROR","message":"Error occurred: Expected ',' or '}' after property value in JSON at position 1927","method":"N/A","url":"N/A"}
{"timestamp":"2024-12-28T21:01:12.801Z","level":"ERROR","message":"Error occurred: Expected ',' or '}' after property value in JSON at position 1927","method":"N/A","url":"N/A"}
{"timestamp":"2024-12-28T21:01:26.714Z","level":"ERROR","message":"Error occurred: Expected ',' or '}' after property value in JSON at position 1927","method":"N/A","url":"N/A"}
{"timestamp":"2024-12-28T21:01:29.056Z","level":"ERROR","message":"Error occurred: Expected ',' or '}' after property value in JSON at position 1927","method":"N/A","url":"N/A"}
{"timestamp":"2024-12-28T21:01:30.454Z","level":"ERROR","message":"Error occurred: Expected ',' or '}' after property value in JSON at position 1927","method":"N/A","url":"N/A"}
{"timestamp":"2024-12-28T21:01:31.743Z","level":"ERROR","message":"Error occurred: Expected ',' or '}' after property value in JSON at position 1927","method":"N/A","url":"N/A"}
{"timestamp":"2024-12-28T21:01:45.881Z","level":"ERROR","message":"Error occurred: Expected ',' or '}' after property value in JSON at position 1927","method":"N/A","url":"N/A"}
{"timestamp":"2024-12-28T21:01:51.759Z","level":"ERROR","message":"Error occurred: Expected ',' or '}' after property value in JSON at position 1927","method":"N/A","url":"N/A"}
{"timestamp":"2024-12-28T21:02:29.570Z","level":"ERROR","message":"Error occurred: Expected ',' or '}' after property value in JSON at position 1927","method":"N/A","url":"N/A"}
{"timestamp":"2024-12-28T21:05:18.930Z","level":"ERROR","message":"Error occurred: Expected ',' or '}' after property value in JSON at position 1927","method":"N/A","url":"N/A"}
{"timestamp":"2024-12-28T21:06:11.287Z","level":"ERROR","message":"Error occurred: Expected ',' or '}' after property value in JSON at position 1927","method":"N/A","url":"N/A"}
{"timestamp":"2024-12-28T21:06:19.148Z","level":"ERROR","message":"Error occurred: Expected ',' or '}' after property value in JSON at position 1927","method":"N/A","url":"N/A"}
{"timestamp":"2024-12-29T16:47:40.366Z","level":"ERROR","message":"Error sending WhatsApp message: profileId is not defined","method":"N/A","url":"N/A","error":{}}
{"timestamp":"2024-12-29T16:51:06.940Z","level":"ERROR","message":"Error sending WhatsApp messages: \nInvalid `prisma.sensitiveStudentData.findMany()` invocation in\nH:\\Backend\\belajar-orm\\src\\controllers\\newsController.js:806:61\n\n  803 }\n  804 \n  805 // Get all sensitive student data with valid mobile numbers\n→ 806 const sensitiveData = await prisma.sensitiveStudentData.findMany({\n        where: {\n          mobile_number: {\n            not: \"\"\n          }\n        },\n        select: {\n          full_name: true,\n          ~~~~~~~~~\n          mobile_number: true,\n      ?   id?: true,\n      ?   profile_id?: true,\n      ?   pt_code?: true,\n      ?   place_of_birth?: true,\n      ?   date_of_birth?: true,\n      ?   national_identity_number?: true,\n      ?   full_address?: true,\n      ?   email?: true,\n      ?   phone_number?: true,\n      ?   total_credits?: true,\n      ?   graduation_date?: true,\n      ?   yudisium_date?: true,\n      ?   gpa?: true,\n      ?   gender?: true,\n      ?   profile?: true\n        }\n      })\n\nUnknown field `full_name` for select statement on model `SensitiveStudentData`. Available options are marked with ?.","method":"N/A","url":"N/A","error":{"name":"PrismaClientValidationError","clientVersion":"5.21.1"}}
{"timestamp":"2024-12-29T16:52:50.176Z","level":"ERROR","message":"Failed to send WhatsApp message to Aisyah","method":"N/A","url":"N/A","error":"The 'From' number whatsapp:+14155238886 is not a valid phone number, shortcode, or alphanumeric sender ID.","phoneNumber":"+62896456123"}
{"timestamp":"2024-12-29T16:52:50.183Z","level":"ERROR","message":"Failed to send WhatsApp message to Ruffino Ahmad Noor","method":"N/A","url":"N/A","error":"The 'From' number whatsapp:+14155238886 is not a valid phone number, shortcode, or alphanumeric sender ID.","phoneNumber":"+6289671207356"}
{"timestamp":"2024-12-29T16:52:50.185Z","level":"ERROR","message":"Failed to send WhatsApp message to Arunnia Salsa","method":"N/A","url":"N/A","error":"The 'From' number whatsapp:+14155238886 is not a valid phone number, shortcode, or alphanumeric sender ID.","phoneNumber":"+62896789456"}
{"timestamp":"2024-12-29T16:54:35.530Z","level":"ERROR","message":"Failed to send WhatsApp message to Aisyah","method":"N/A","url":"N/A","error":"The 'From' number whatsapp:+14155238886 is not a valid phone number, shortcode, or alphanumeric sender ID.","phoneNumber":"+62896456123"}
{"timestamp":"2024-12-29T16:54:35.539Z","level":"ERROR","message":"Failed to send WhatsApp message to Ruffino Ahmad Noor","method":"N/A","url":"N/A","error":"The 'From' number whatsapp:+14155238886 is not a valid phone number, shortcode, or alphanumeric sender ID.","phoneNumber":"+6289671207356"}
{"timestamp":"2024-12-29T16:54:35.542Z","level":"ERROR","message":"Failed to send WhatsApp message to Arunnia Salsa","method":"N/A","url":"N/A","error":"The 'From' number whatsapp:+14155238886 is not a valid phone number, shortcode, or alphanumeric sender ID.","phoneNumber":"+62896789456"}
{"timestamp":"2024-12-29T16:54:44.361Z","level":"ERROR","message":"Failed to send WhatsApp message to Arunnia Salsa","method":"N/A","url":"N/A","error":"The 'From' number whatsapp:+14155238886 is not a valid phone number, shortcode, or alphanumeric sender ID.","phoneNumber":"+62896789456"}
{"timestamp":"2024-12-29T16:54:44.365Z","level":"ERROR","message":"Failed to send WhatsApp message to Ruffino Ahmad Noor","method":"N/A","url":"N/A","error":"The 'From' number whatsapp:+14155238886 is not a valid phone number, shortcode, or alphanumeric sender ID.","phoneNumber":"+6289671207356"}
{"timestamp":"2024-12-29T16:54:44.367Z","level":"ERROR","message":"Failed to send WhatsApp message to Aisyah","method":"N/A","url":"N/A","error":"The 'From' number whatsapp:+14155238886 is not a valid phone number, shortcode, or alphanumeric sender ID.","phoneNumber":"+62896456123"}
{"timestamp":"2024-12-29T16:55:34.718Z","level":"ERROR","message":"Failed to send WhatsApp message to Aisyah","method":"N/A","url":"N/A","error":"The 'From' number whatsapp:+14155238886 is not a valid phone number, shortcode, or alphanumeric sender ID.","phoneNumber":"+62896456123"}
{"timestamp":"2024-12-29T16:55:34.720Z","level":"ERROR","message":"Failed to send WhatsApp message to Arunnia Salsa","method":"N/A","url":"N/A","error":"The 'From' number whatsapp:+14155238886 is not a valid phone number, shortcode, or alphanumeric sender ID.","phoneNumber":"+62896789456"}
{"timestamp":"2024-12-29T16:55:34.725Z","level":"ERROR","message":"Failed to send WhatsApp message to Ruffino Ahmad Noor","method":"N/A","url":"N/A","error":"The 'From' number whatsapp:+14155238886 is not a valid phone number, shortcode, or alphanumeric sender ID.","phoneNumber":"+6289671207356"}
