{"timestamp":"2025-01-17T07:24:45.261Z","level":"ERROR","message":"Failed to send WhatsApp message to Dian Purnama Sari","method":"N/A","url":"N/A","error":"Account AC5a2ad35b6135a91f58f3af27ebad7656 exceeded the null daily messages limit","phoneNumber":"+6289671207582"}
{"timestamp":"2025-01-17T07:24:45.265Z","level":"ERROR","message":"Failed to send WhatsApp message to Riana Dwi Yuniarti","method":"N/A","url":"N/A","error":"Account AC5a2ad35b6135a91f58f3af27ebad7656 exceeded the null daily messages limit","phoneNumber":"+62896789928"}
{"timestamp":"2025-01-17T07:24:45.379Z","level":"ERROR","message":"Failed to send WhatsApp message to Sharil Hamza","method":"N/A","url":"N/A","error":"Account AC5a2ad35b6135a91f58f3af27ebad7656 exceeded the null daily messages limit","phoneNumber":"+62896456123"}
{"timestamp":"2025-01-17T07:24:45.383Z","level":"ERROR","message":"Failed to send WhatsApp message to Marsya Faradilah","method":"N/A","url":"N/A","error":"Account AC5a2ad35b6135a91f58f3af27ebad7656 exceeded the null daily messages limit","phoneNumber":"+62896789456"}
{"timestamp":"2025-01-17T07:24:45.411Z","level":"ERROR","message":"Failed to send WhatsApp message to Muthiah Kamilah Fatih","method":"N/A","url":"N/A","error":"Account AC5a2ad35b6135a91f58f3af27ebad7656 exceeded the null daily messages limit","phoneNumber":"+6289671207356"}
{"timestamp":"2025-01-17T07:24:45.466Z","level":"ERROR","message":"Failed to send WhatsApp message to Arunia Salsanur Fais","method":"N/A","url":"N/A","error":"Account AC5a2ad35b6135a91f58f3af27ebad7656 exceeded the null daily messages limit","phoneNumber":"+6281393235006"}
{"timestamp":"2025-01-17T07:24:45.734Z","level":"ERROR","message":"Failed to send WhatsApp message to I Komang Abimanyu","method":"N/A","url":"N/A","error":"Account AC5a2ad35b6135a91f58f3af27ebad7656 exceeded the null daily messages limit","phoneNumber":"+62896789487"}
{"timestamp":"2025-01-17T07:24:45.744Z","level":"ERROR","message":"Failed to send WhatsApp message to Yahya Alghazali Mushlih","method":"N/A","url":"N/A","error":"Account AC5a2ad35b6135a91f58f3af27ebad7656 exceeded the null daily messages limit","phoneNumber":"+62896789456"}
{"timestamp":"2025-01-17T07:24:45.811Z","level":"ERROR","message":"Failed to send WhatsApp message to Nauraniah Charisma","method":"N/A","url":"N/A","error":"Account AC5a2ad35b6135a91f58f3af27ebad7656 exceeded the null daily messages limit","phoneNumber":"+62896456368"}
{"timestamp":"2025-01-17T07:24:45.814Z","level":"ERROR","message":"Failed to send WhatsApp message to Karina Defitrah Nurul Jinan","method":"N/A","url":"N/A","error":"Account AC5a2ad35b6135a91f58f3af27ebad7656 exceeded the null daily messages limit","phoneNumber":"+62896456123"}
{"timestamp":"2025-01-17T07:24:45.886Z","level":"ERROR","message":"Failed to send WhatsApp message to Ruffino Ahmad Noor","method":"N/A","url":"N/A","error":"Account AC5a2ad35b6135a91f58f3af27ebad7656 exceeded the null daily messages limit","phoneNumber":"+62896456123"}
{"timestamp":"2025-01-17T08:18:41.566Z","level":"ERROR","message":"Failed to send WhatsApp message to Dian Purnama Sari","method":"N/A","url":"N/A","error":"Account AC040e6e02a30feac6d41a741fd7aef1aa exceeded the null daily messages limit","phoneNumber":"+6289671207582"}
{"timestamp":"2025-01-17T08:18:41.568Z","level":"ERROR","message":"Failed to send WhatsApp message to Karina Defitrah Nurul Jinan","method":"N/A","url":"N/A","error":"Account AC040e6e02a30feac6d41a741fd7aef1aa exceeded the null daily messages limit","phoneNumber":"+62896456123"}
{"timestamp":"2025-01-17T08:18:41.577Z","level":"ERROR","message":"Failed to send WhatsApp message to Muhammad Fadly Abdillah","method":"N/A","url":"N/A","error":"Account AC040e6e02a30feac6d41a741fd7aef1aa exceeded the null daily messages limit","phoneNumber":"+62896456265"}
{"timestamp":"2025-01-17T08:18:41.581Z","level":"ERROR","message":"Failed to send WhatsApp message to Afjar Maulana Malik Syahputra","method":"N/A","url":"N/A","error":"Account AC040e6e02a30feac6d41a741fd7aef1aa exceeded the null daily messages limit","phoneNumber":"+62896456123"}
{"timestamp":"2025-01-17T08:18:41.584Z","level":"ERROR","message":"Failed to send WhatsApp message to Nauraniah Charisma","method":"N/A","url":"N/A","error":"Account AC040e6e02a30feac6d41a741fd7aef1aa exceeded the null daily messages limit","phoneNumber":"+62896456368"}
{"timestamp":"2025-01-17T08:18:41.588Z","level":"ERROR","message":"Failed to send WhatsApp message to I Komang Abimanyu","method":"N/A","url":"N/A","error":"Account AC040e6e02a30feac6d41a741fd7aef1aa exceeded the null daily messages limit","phoneNumber":"+62896789487"}
{"timestamp":"2025-01-17T08:18:41.596Z","level":"ERROR","message":"Failed to send WhatsApp message to Riana Dwi Yuniarti","method":"N/A","url":"N/A","error":"Account AC040e6e02a30feac6d41a741fd7aef1aa exceeded the null daily messages limit","phoneNumber":"+62896789928"}
{"timestamp":"2025-01-17T08:18:41.599Z","level":"ERROR","message":"Failed to send WhatsApp message to Marsya Faradilah","method":"N/A","url":"N/A","error":"Account AC040e6e02a30feac6d41a741fd7aef1aa exceeded the null daily messages limit","phoneNumber":"+62896789456"}
{"timestamp":"2025-01-17T08:18:41.604Z","level":"ERROR","message":"Failed to send WhatsApp message to Muthiah Kamilah Fatih","method":"N/A","url":"N/A","error":"Account AC040e6e02a30feac6d41a741fd7aef1aa exceeded the null daily messages limit","phoneNumber":"+6289671207356"}
{"timestamp":"2025-01-17T08:18:41.615Z","level":"ERROR","message":"Failed to send WhatsApp message to Sharil Hamza","method":"N/A","url":"N/A","error":"Account AC040e6e02a30feac6d41a741fd7aef1aa exceeded the null daily messages limit","phoneNumber":"+62896456123"}
{"timestamp":"2025-01-17T08:18:41.623Z","level":"ERROR","message":"Failed to send WhatsApp message to Ruffino Ahmad Noor","method":"N/A","url":"N/A","error":"Account AC040e6e02a30feac6d41a741fd7aef1aa exceeded the null daily messages limit","phoneNumber":"+6289671207356"}
{"timestamp":"2025-01-17T10:43:41.571Z","level":"ERROR","message":"Failed to send WhatsApp message to Yahya Alghazali Mushlih","method":"N/A","url":"N/A","error":"Account AC040e6e02a30feac6d41a741fd7aef1aa exceeded the null daily messages limit","phoneNumber":"+62896789456"}
{"timestamp":"2025-01-17T10:43:41.580Z","level":"ERROR","message":"Failed to send WhatsApp message to Karina Defitrah Nurul Jinan","method":"N/A","url":"N/A","error":"Account AC040e6e02a30feac6d41a741fd7aef1aa exceeded the null daily messages limit","phoneNumber":"+62896456123"}
{"timestamp":"2025-01-17T10:43:41.582Z","level":"ERROR","message":"Failed to send WhatsApp message to Dian Purnama Sari","method":"N/A","url":"N/A","error":"Account AC040e6e02a30feac6d41a741fd7aef1aa exceeded the null daily messages limit","phoneNumber":"+6289671207582"}
{"timestamp":"2025-01-17T10:43:41.584Z","level":"ERROR","message":"Failed to send WhatsApp message to Aisyah Selviana","method":"N/A","url":"N/A","error":"Account AC040e6e02a30feac6d41a741fd7aef1aa exceeded the null daily messages limit","phoneNumber":"+62896456123"}
{"timestamp":"2025-01-17T10:43:41.586Z","level":"ERROR","message":"Failed to send WhatsApp message to Muhammad Fadly Abdillah","method":"N/A","url":"N/A","error":"Account AC040e6e02a30feac6d41a741fd7aef1aa exceeded the null daily messages limit","phoneNumber":"+62896456265"}
{"timestamp":"2025-01-17T10:43:41.587Z","level":"ERROR","message":"Failed to send WhatsApp message to I Komang Abimanyu","method":"N/A","url":"N/A","error":"Account AC040e6e02a30feac6d41a741fd7aef1aa exceeded the null daily messages limit","phoneNumber":"+62896789487"}
{"timestamp":"2025-01-17T10:43:41.588Z","level":"ERROR","message":"Failed to send WhatsApp message to Nauraniah Charisma","method":"N/A","url":"N/A","error":"Account AC040e6e02a30feac6d41a741fd7aef1aa exceeded the null daily messages limit","phoneNumber":"+62896456368"}
{"timestamp":"2025-01-17T10:43:41.589Z","level":"ERROR","message":"Failed to send WhatsApp message to Afjar Maulana Malik Syahputra","method":"N/A","url":"N/A","error":"Account AC040e6e02a30feac6d41a741fd7aef1aa exceeded the null daily messages limit","phoneNumber":"+62896456123"}
{"timestamp":"2025-01-17T10:43:41.592Z","level":"ERROR","message":"Failed to send WhatsApp message to Riana Dwi Yuniarti","method":"N/A","url":"N/A","error":"Account AC040e6e02a30feac6d41a741fd7aef1aa exceeded the null daily messages limit","phoneNumber":"+62896789928"}
{"timestamp":"2025-01-17T10:43:41.595Z","level":"ERROR","message":"Failed to send WhatsApp message to Arunia Salsanur Fais","method":"N/A","url":"N/A","error":"Account AC040e6e02a30feac6d41a741fd7aef1aa exceeded the null daily messages limit","phoneNumber":"+6281393235006"}
{"timestamp":"2025-01-17T10:43:41.602Z","level":"ERROR","message":"Failed to send WhatsApp message to Marsya Faradilah","method":"N/A","url":"N/A","error":"Account AC040e6e02a30feac6d41a741fd7aef1aa exceeded the null daily messages limit","phoneNumber":"+62896789456"}
{"timestamp":"2025-01-17T10:43:41.603Z","level":"ERROR","message":"Failed to send WhatsApp message to Ruffino Ahmad Noor","method":"N/A","url":"N/A","error":"Account AC040e6e02a30feac6d41a741fd7aef1aa exceeded the null daily messages limit","phoneNumber":"+6289671207356"}
{"timestamp":"2025-01-17T10:43:41.605Z","level":"ERROR","message":"Failed to send WhatsApp message to Muthiah Kamilah Fatih","method":"N/A","url":"N/A","error":"Account AC040e6e02a30feac6d41a741fd7aef1aa exceeded the null daily messages limit","phoneNumber":"+6289671207356"}
{"timestamp":"2025-01-17T10:43:41.606Z","level":"ERROR","message":"Failed to send WhatsApp message to Sharil Hamza","method":"N/A","url":"N/A","error":"Account AC040e6e02a30feac6d41a741fd7aef1aa exceeded the null daily messages limit","phoneNumber":"+62896456123"}
{"timestamp":"2025-01-17T10:51:03.726Z","level":"ERROR","message":"Failed to send WhatsApp message to Dian Purnama Sari","method":"N/A","url":"N/A","error":"Account AC040e6e02a30feac6d41a741fd7aef1aa exceeded the null daily messages limit","phoneNumber":"+6289671207582"}
{"timestamp":"2025-01-17T10:51:03.735Z","level":"ERROR","message":"Failed to send WhatsApp message to Afjar Maulana Malik Syahputra","method":"N/A","url":"N/A","error":"Account AC040e6e02a30feac6d41a741fd7aef1aa exceeded the null daily messages limit","phoneNumber":"+62896456123"}
{"timestamp":"2025-01-17T10:51:03.736Z","level":"ERROR","message":"Failed to send WhatsApp message to Arunia Salsanur Fais","method":"N/A","url":"N/A","error":"Account AC040e6e02a30feac6d41a741fd7aef1aa exceeded the null daily messages limit","phoneNumber":"+6281393235006"}
{"timestamp":"2025-01-17T10:51:03.739Z","level":"ERROR","message":"Failed to send WhatsApp message to Ruffino Ahmad Noor","method":"N/A","url":"N/A","error":"Account AC040e6e02a30feac6d41a741fd7aef1aa exceeded the null daily messages limit","phoneNumber":"+6289671207356"}
{"timestamp":"2025-01-17T10:51:03.744Z","level":"ERROR","message":"Failed to send WhatsApp message to Muhammad Fadly Abdillah","method":"N/A","url":"N/A","error":"Account AC040e6e02a30feac6d41a741fd7aef1aa exceeded the null daily messages limit","phoneNumber":"+62896456265"}
{"timestamp":"2025-01-17T10:51:03.754Z","level":"ERROR","message":"Failed to send WhatsApp message to Yahya Alghazali Mushlih","method":"N/A","url":"N/A","error":"Account AC040e6e02a30feac6d41a741fd7aef1aa exceeded the null daily messages limit","phoneNumber":"+62896789456"}
{"timestamp":"2025-01-17T10:51:03.756Z","level":"ERROR","message":"Failed to send WhatsApp message to Sharil Hamza","method":"N/A","url":"N/A","error":"Account AC040e6e02a30feac6d41a741fd7aef1aa exceeded the null daily messages limit","phoneNumber":"+62896456123"}
{"timestamp":"2025-01-17T10:51:03.758Z","level":"ERROR","message":"Failed to send WhatsApp message to Aisyah Selviana","method":"N/A","url":"N/A","error":"Account AC040e6e02a30feac6d41a741fd7aef1aa exceeded the null daily messages limit","phoneNumber":"+62896456123"}
{"timestamp":"2025-01-17T10:51:03.835Z","level":"ERROR","message":"Failed to send WhatsApp message to Nauraniah Charisma","method":"N/A","url":"N/A","error":"Account AC040e6e02a30feac6d41a741fd7aef1aa exceeded the null daily messages limit","phoneNumber":"+62896456368"}
{"timestamp":"2025-01-17T10:51:03.837Z","level":"ERROR","message":"Failed to send WhatsApp message to Karina Defitrah Nurul Jinan","method":"N/A","url":"N/A","error":"Account AC040e6e02a30feac6d41a741fd7aef1aa exceeded the null daily messages limit","phoneNumber":"+62896456123"}
{"timestamp":"2025-01-17T10:51:03.855Z","level":"ERROR","message":"Failed to send WhatsApp message to Muthiah Kamilah Fatih","method":"N/A","url":"N/A","error":"Account AC040e6e02a30feac6d41a741fd7aef1aa exceeded the null daily messages limit","phoneNumber":"+6289671207356"}
{"timestamp":"2025-01-17T10:51:03.857Z","level":"ERROR","message":"Failed to send WhatsApp message to I Komang Abimanyu","method":"N/A","url":"N/A","error":"Account AC040e6e02a30feac6d41a741fd7aef1aa exceeded the null daily messages limit","phoneNumber":"+62896789487"}
{"timestamp":"2025-01-17T10:51:04.316Z","level":"ERROR","message":"Failed to send WhatsApp message to Marsya Faradilah","method":"N/A","url":"N/A","error":"Account AC040e6e02a30feac6d41a741fd7aef1aa exceeded the null daily messages limit","phoneNumber":"+62896789456"}
{"timestamp":"2025-01-17T10:51:04.318Z","level":"ERROR","message":"Failed to send WhatsApp message to Riana Dwi Yuniarti","method":"N/A","url":"N/A","error":"Account AC040e6e02a30feac6d41a741fd7aef1aa exceeded the null daily messages limit","phoneNumber":"+62896789928"}
{"timestamp":"2025-01-17T10:53:04.620Z","level":"ERROR","message":"Failed to send WhatsApp message to Afjar Maulana Malik Syahputra","method":"N/A","url":"N/A","error":"Account AC040e6e02a30feac6d41a741fd7aef1aa exceeded the null daily messages limit","phoneNumber":"+62896456123"}
{"timestamp":"2025-01-17T10:53:04.655Z","level":"ERROR","message":"Failed to send WhatsApp message to Arunia Salsanur Fais","method":"N/A","url":"N/A","error":"Account AC040e6e02a30feac6d41a741fd7aef1aa exceeded the null daily messages limit","phoneNumber":"+6281393235006"}
{"timestamp":"2025-01-17T10:53:04.656Z","level":"ERROR","message":"Failed to send WhatsApp message to Aisyah Selviana","method":"N/A","url":"N/A","error":"Account AC040e6e02a30feac6d41a741fd7aef1aa exceeded the null daily messages limit","phoneNumber":"+62896456123"}
{"timestamp":"2025-01-17T10:53:04.657Z","level":"ERROR","message":"Failed to send WhatsApp message to Dian Purnama Sari","method":"N/A","url":"N/A","error":"Account AC040e6e02a30feac6d41a741fd7aef1aa exceeded the null daily messages limit","phoneNumber":"+6289671207582"}
{"timestamp":"2025-01-17T10:53:04.658Z","level":"ERROR","message":"Failed to send WhatsApp message to Ruffino Ahmad Noor","method":"N/A","url":"N/A","error":"Account AC040e6e02a30feac6d41a741fd7aef1aa exceeded the null daily messages limit","phoneNumber":"+6289671207356"}
{"timestamp":"2025-01-17T10:53:04.660Z","level":"ERROR","message":"Failed to send WhatsApp message to Riana Dwi Yuniarti","method":"N/A","url":"N/A","error":"Account AC040e6e02a30feac6d41a741fd7aef1aa exceeded the null daily messages limit","phoneNumber":"+62896789928"}
{"timestamp":"2025-01-17T10:53:04.661Z","level":"ERROR","message":"Failed to send WhatsApp message to Sharil Hamza","method":"N/A","url":"N/A","error":"Account AC040e6e02a30feac6d41a741fd7aef1aa exceeded the null daily messages limit","phoneNumber":"+62896456123"}
{"timestamp":"2025-01-17T10:53:04.663Z","level":"ERROR","message":"Failed to send WhatsApp message to Marsya Faradilah","method":"N/A","url":"N/A","error":"Account AC040e6e02a30feac6d41a741fd7aef1aa exceeded the null daily messages limit","phoneNumber":"+62896789456"}
{"timestamp":"2025-01-17T10:53:04.695Z","level":"ERROR","message":"Failed to send WhatsApp message to I Komang Abimanyu","method":"N/A","url":"N/A","error":"Account AC040e6e02a30feac6d41a741fd7aef1aa exceeded the null daily messages limit","phoneNumber":"+62896789487"}
{"timestamp":"2025-01-17T10:53:04.705Z","level":"ERROR","message":"Failed to send WhatsApp message to Nauraniah Charisma","method":"N/A","url":"N/A","error":"Account AC040e6e02a30feac6d41a741fd7aef1aa exceeded the null daily messages limit","phoneNumber":"+62896456368"}
{"timestamp":"2025-01-17T10:53:04.831Z","level":"ERROR","message":"Failed to send WhatsApp message to Karina Defitrah Nurul Jinan","method":"N/A","url":"N/A","error":"Account AC040e6e02a30feac6d41a741fd7aef1aa exceeded the null daily messages limit","phoneNumber":"+62896456123"}
{"timestamp":"2025-01-17T10:53:04.839Z","level":"ERROR","message":"Failed to send WhatsApp message to Muhammad Fadly Abdillah","method":"N/A","url":"N/A","error":"Account AC040e6e02a30feac6d41a741fd7aef1aa exceeded the null daily messages limit","phoneNumber":"+62896456265"}
{"timestamp":"2025-01-17T10:53:04.959Z","level":"ERROR","message":"Failed to send WhatsApp message to Yahya Alghazali Mushlih","method":"N/A","url":"N/A","error":"Account AC040e6e02a30feac6d41a741fd7aef1aa exceeded the null daily messages limit","phoneNumber":"+62896789456"}
{"timestamp":"2025-01-17T10:53:05.065Z","level":"ERROR","message":"Failed to send WhatsApp message to Muthiah Kamilah Fatih","method":"N/A","url":"N/A","error":"Account AC040e6e02a30feac6d41a741fd7aef1aa exceeded the null daily messages limit","phoneNumber":"+6289671207356"}
{"timestamp":"2025-01-17T10:59:09.071Z","level":"ERROR","message":"Failed to send WhatsApp message to Dian Purnama Sari","method":"N/A","url":"N/A","error":"Account AC040e6e02a30feac6d41a741fd7aef1aa exceeded the null daily messages limit","phoneNumber":"+6289671207582"}
{"timestamp":"2025-01-17T10:59:09.183Z","level":"ERROR","message":"Failed to send WhatsApp message to Arunia Salsanur Fais","method":"N/A","url":"N/A","error":"Account AC040e6e02a30feac6d41a741fd7aef1aa exceeded the null daily messages limit","phoneNumber":"+6281393235006"}
{"timestamp":"2025-01-17T10:59:09.185Z","level":"ERROR","message":"Failed to send WhatsApp message to Sharil Hamza","method":"N/A","url":"N/A","error":"Account AC040e6e02a30feac6d41a741fd7aef1aa exceeded the null daily messages limit","phoneNumber":"+62896456123"}
{"timestamp":"2025-01-17T10:59:09.187Z","level":"ERROR","message":"Failed to send WhatsApp message to Nauraniah Charisma","method":"N/A","url":"N/A","error":"Account AC040e6e02a30feac6d41a741fd7aef1aa exceeded the null daily messages limit","phoneNumber":"+62896456368"}
{"timestamp":"2025-01-17T10:59:09.211Z","level":"ERROR","message":"Failed to send WhatsApp message to I Komang Abimanyu","method":"N/A","url":"N/A","error":"Account AC040e6e02a30feac6d41a741fd7aef1aa exceeded the null daily messages limit","phoneNumber":"+62896789487"}
{"timestamp":"2025-01-17T10:59:09.213Z","level":"ERROR","message":"Failed to send WhatsApp message to Muthiah Kamilah Fatih","method":"N/A","url":"N/A","error":"Account AC040e6e02a30feac6d41a741fd7aef1aa exceeded the null daily messages limit","phoneNumber":"+6289671207356"}
{"timestamp":"2025-01-17T10:59:09.214Z","level":"ERROR","message":"Failed to send WhatsApp message to Aisyah Selviana","method":"N/A","url":"N/A","error":"Account AC040e6e02a30feac6d41a741fd7aef1aa exceeded the null daily messages limit","phoneNumber":"+62896456123"}
{"timestamp":"2025-01-17T10:59:09.217Z","level":"ERROR","message":"Failed to send WhatsApp message to Ruffino Ahmad Noor","method":"N/A","url":"N/A","error":"Account AC040e6e02a30feac6d41a741fd7aef1aa exceeded the null daily messages limit","phoneNumber":"+6289671207356"}
{"timestamp":"2025-01-17T10:59:09.218Z","level":"ERROR","message":"Failed to send WhatsApp message to Afjar Maulana Malik Syahputra","method":"N/A","url":"N/A","error":"Account AC040e6e02a30feac6d41a741fd7aef1aa exceeded the null daily messages limit","phoneNumber":"+62896456123"}
{"timestamp":"2025-01-17T10:59:09.221Z","level":"ERROR","message":"Failed to send WhatsApp message to Muhammad Fadly Abdillah","method":"N/A","url":"N/A","error":"Account AC040e6e02a30feac6d41a741fd7aef1aa exceeded the null daily messages limit","phoneNumber":"+62896456265"}
{"timestamp":"2025-01-17T10:59:09.222Z","level":"ERROR","message":"Failed to send WhatsApp message to Karina Defitrah Nurul Jinan","method":"N/A","url":"N/A","error":"Account AC040e6e02a30feac6d41a741fd7aef1aa exceeded the null daily messages limit","phoneNumber":"+62896456123"}
{"timestamp":"2025-01-17T10:59:09.223Z","level":"ERROR","message":"Failed to send WhatsApp message to Yahya Alghazali Mushlih","method":"N/A","url":"N/A","error":"Account AC040e6e02a30feac6d41a741fd7aef1aa exceeded the null daily messages limit","phoneNumber":"+62896789456"}
{"timestamp":"2025-01-17T10:59:09.227Z","level":"ERROR","message":"Failed to send WhatsApp message to Riana Dwi Yuniarti","method":"N/A","url":"N/A","error":"Account AC040e6e02a30feac6d41a741fd7aef1aa exceeded the null daily messages limit","phoneNumber":"+62896789928"}
{"timestamp":"2025-01-17T10:59:09.228Z","level":"ERROR","message":"Failed to send WhatsApp message to Marsya Faradilah","method":"N/A","url":"N/A","error":"Account AC040e6e02a30feac6d41a741fd7aef1aa exceeded the null daily messages limit","phoneNumber":"+62896789456"}
{"timestamp":"2025-01-17T11:03:44.142Z","level":"ERROR","message":"Failed to send WhatsApp message to Yahya Alghazali Mushlih","method":"N/A","url":"N/A","error":"Account AC040e6e02a30feac6d41a741fd7aef1aa exceeded the null daily messages limit","phoneNumber":"+62896789456"}
{"timestamp":"2025-01-17T11:03:44.155Z","level":"ERROR","message":"Failed to send WhatsApp message to Karina Defitrah Nurul Jinan","method":"N/A","url":"N/A","error":"Account AC040e6e02a30feac6d41a741fd7aef1aa exceeded the null daily messages limit","phoneNumber":"+62896456123"}
{"timestamp":"2025-01-17T11:03:44.156Z","level":"ERROR","message":"Failed to send WhatsApp message to Muthiah Kamilah Fatih","method":"N/A","url":"N/A","error":"Account AC040e6e02a30feac6d41a741fd7aef1aa exceeded the null daily messages limit","phoneNumber":"+6289671207356"}
{"timestamp":"2025-01-17T11:03:44.157Z","level":"ERROR","message":"Failed to send WhatsApp message to Aisyah Selviana","method":"N/A","url":"N/A","error":"Account AC040e6e02a30feac6d41a741fd7aef1aa exceeded the null daily messages limit","phoneNumber":"+62896456123"}
{"timestamp":"2025-01-17T11:03:44.158Z","level":"ERROR","message":"Failed to send WhatsApp message to Dian Purnama Sari","method":"N/A","url":"N/A","error":"Account AC040e6e02a30feac6d41a741fd7aef1aa exceeded the null daily messages limit","phoneNumber":"+6289671207582"}
{"timestamp":"2025-01-17T11:03:44.159Z","level":"ERROR","message":"Failed to send WhatsApp message to Nauraniah Charisma","method":"N/A","url":"N/A","error":"Account AC040e6e02a30feac6d41a741fd7aef1aa exceeded the null daily messages limit","phoneNumber":"+62896456368"}
{"timestamp":"2025-01-17T11:03:44.160Z","level":"ERROR","message":"Failed to send WhatsApp message to Arunia Salsanur Fais","method":"N/A","url":"N/A","error":"Account AC040e6e02a30feac6d41a741fd7aef1aa exceeded the null daily messages limit","phoneNumber":"+6281393235006"}
{"timestamp":"2025-01-17T11:03:44.161Z","level":"ERROR","message":"Failed to send WhatsApp message to Riana Dwi Yuniarti","method":"N/A","url":"N/A","error":"Account AC040e6e02a30feac6d41a741fd7aef1aa exceeded the null daily messages limit","phoneNumber":"+62896789928"}
{"timestamp":"2025-01-17T11:03:44.163Z","level":"ERROR","message":"Failed to send WhatsApp message to Muhammad Fadly Abdillah","method":"N/A","url":"N/A","error":"Account AC040e6e02a30feac6d41a741fd7aef1aa exceeded the null daily messages limit","phoneNumber":"+62896456265"}
{"timestamp":"2025-01-17T11:03:44.164Z","level":"ERROR","message":"Failed to send WhatsApp message to I Komang Abimanyu","method":"N/A","url":"N/A","error":"Account AC040e6e02a30feac6d41a741fd7aef1aa exceeded the null daily messages limit","phoneNumber":"+62896789487"}
{"timestamp":"2025-01-17T11:03:44.165Z","level":"ERROR","message":"Failed to send WhatsApp message to Afjar Maulana Malik Syahputra","method":"N/A","url":"N/A","error":"Account AC040e6e02a30feac6d41a741fd7aef1aa exceeded the null daily messages limit","phoneNumber":"+62896456123"}
{"timestamp":"2025-01-17T11:03:44.178Z","level":"ERROR","message":"Failed to send WhatsApp message to Ruffino Ahmad Noor","method":"N/A","url":"N/A","error":"Account AC040e6e02a30feac6d41a741fd7aef1aa exceeded the null daily messages limit","phoneNumber":"+6289671207356"}
{"timestamp":"2025-01-17T11:03:44.180Z","level":"ERROR","message":"Failed to send WhatsApp message to Sharil Hamza","method":"N/A","url":"N/A","error":"Account AC040e6e02a30feac6d41a741fd7aef1aa exceeded the null daily messages limit","phoneNumber":"+62896456123"}
{"timestamp":"2025-01-17T11:03:44.180Z","level":"ERROR","message":"Failed to send WhatsApp message to Marsya Faradilah","method":"N/A","url":"N/A","error":"Account AC040e6e02a30feac6d41a741fd7aef1aa exceeded the null daily messages limit","phoneNumber":"+62896789456"}
{"timestamp":"2025-01-17T11:03:49.695Z","level":"ERROR","message":"Failed to send WhatsApp message to Arunia Salsanur Fais","method":"N/A","url":"N/A","error":"Account AC040e6e02a30feac6d41a741fd7aef1aa exceeded the null daily messages limit","phoneNumber":"+6281393235006"}
{"timestamp":"2025-01-17T11:03:49.696Z","level":"ERROR","message":"Failed to send WhatsApp message to Dian Purnama Sari","method":"N/A","url":"N/A","error":"Account AC040e6e02a30feac6d41a741fd7aef1aa exceeded the null daily messages limit","phoneNumber":"+6289671207582"}
{"timestamp":"2025-01-17T11:03:49.709Z","level":"ERROR","message":"Failed to send WhatsApp message to Afjar Maulana Malik Syahputra","method":"N/A","url":"N/A","error":"Account AC040e6e02a30feac6d41a741fd7aef1aa exceeded the null daily messages limit","phoneNumber":"+62896456123"}
{"timestamp":"2025-01-17T11:03:49.710Z","level":"ERROR","message":"Failed to send WhatsApp message to Yahya Alghazali Mushlih","method":"N/A","url":"N/A","error":"Account AC040e6e02a30feac6d41a741fd7aef1aa exceeded the null daily messages limit","phoneNumber":"+62896789456"}
{"timestamp":"2025-01-17T11:03:49.716Z","level":"ERROR","message":"Failed to send WhatsApp message to Karina Defitrah Nurul Jinan","method":"N/A","url":"N/A","error":"Account AC040e6e02a30feac6d41a741fd7aef1aa exceeded the null daily messages limit","phoneNumber":"+62896456123"}
{"timestamp":"2025-01-17T11:03:49.730Z","level":"ERROR","message":"Failed to send WhatsApp message to Sharil Hamza","method":"N/A","url":"N/A","error":"Account AC040e6e02a30feac6d41a741fd7aef1aa exceeded the null daily messages limit","phoneNumber":"+62896456123"}
{"timestamp":"2025-01-17T11:03:49.733Z","level":"ERROR","message":"Failed to send WhatsApp message to Nauraniah Charisma","method":"N/A","url":"N/A","error":"Account AC040e6e02a30feac6d41a741fd7aef1aa exceeded the null daily messages limit","phoneNumber":"+62896456368"}
{"timestamp":"2025-01-17T11:03:49.736Z","level":"ERROR","message":"Failed to send WhatsApp message to Ruffino Ahmad Noor","method":"N/A","url":"N/A","error":"Account AC040e6e02a30feac6d41a741fd7aef1aa exceeded the null daily messages limit","phoneNumber":"+6289671207356"}
{"timestamp":"2025-01-17T11:03:49.738Z","level":"ERROR","message":"Failed to send WhatsApp message to Marsya Faradilah","method":"N/A","url":"N/A","error":"Account AC040e6e02a30feac6d41a741fd7aef1aa exceeded the null daily messages limit","phoneNumber":"+62896789456"}
{"timestamp":"2025-01-17T11:03:49.743Z","level":"ERROR","message":"Failed to send WhatsApp message to Muhammad Fadly Abdillah","method":"N/A","url":"N/A","error":"Account AC040e6e02a30feac6d41a741fd7aef1aa exceeded the null daily messages limit","phoneNumber":"+62896456265"}
{"timestamp":"2025-01-17T11:03:49.749Z","level":"ERROR","message":"Failed to send WhatsApp message to I Komang Abimanyu","method":"N/A","url":"N/A","error":"Account AC040e6e02a30feac6d41a741fd7aef1aa exceeded the null daily messages limit","phoneNumber":"+62896789487"}
{"timestamp":"2025-01-17T11:03:49.751Z","level":"ERROR","message":"Failed to send WhatsApp message to Aisyah Selviana","method":"N/A","url":"N/A","error":"Account AC040e6e02a30feac6d41a741fd7aef1aa exceeded the null daily messages limit","phoneNumber":"+62896456123"}
{"timestamp":"2025-01-17T11:03:49.759Z","level":"ERROR","message":"Failed to send WhatsApp message to Muthiah Kamilah Fatih","method":"N/A","url":"N/A","error":"Account AC040e6e02a30feac6d41a741fd7aef1aa exceeded the null daily messages limit","phoneNumber":"+6289671207356"}
{"timestamp":"2025-01-17T11:03:49.820Z","level":"ERROR","message":"Failed to send WhatsApp message to Riana Dwi Yuniarti","method":"N/A","url":"N/A","error":"Account AC040e6e02a30feac6d41a741fd7aef1aa exceeded the null daily messages limit","phoneNumber":"+62896789928"}
{"timestamp":"2025-01-17T11:03:51.291Z","level":"ERROR","message":"Failed to send WhatsApp message to Yahya Alghazali Mushlih","method":"N/A","url":"N/A","error":"Account AC040e6e02a30feac6d41a741fd7aef1aa exceeded the null daily messages limit","phoneNumber":"+62896789456"}
{"timestamp":"2025-01-17T11:03:51.293Z","level":"ERROR","message":"Failed to send WhatsApp message to Karina Defitrah Nurul Jinan","method":"N/A","url":"N/A","error":"Account AC040e6e02a30feac6d41a741fd7aef1aa exceeded the null daily messages limit","phoneNumber":"+62896456123"}
{"timestamp":"2025-01-17T11:03:51.295Z","level":"ERROR","message":"Failed to send WhatsApp message to Dian Purnama Sari","method":"N/A","url":"N/A","error":"Account AC040e6e02a30feac6d41a741fd7aef1aa exceeded the null daily messages limit","phoneNumber":"+6289671207582"}
{"timestamp":"2025-01-17T11:03:51.300Z","level":"ERROR","message":"Failed to send WhatsApp message to Afjar Maulana Malik Syahputra","method":"N/A","url":"N/A","error":"Account AC040e6e02a30feac6d41a741fd7aef1aa exceeded the null daily messages limit","phoneNumber":"+62896456123"}
{"timestamp":"2025-01-17T11:03:51.312Z","level":"ERROR","message":"Failed to send WhatsApp message to Arunia Salsanur Fais","method":"N/A","url":"N/A","error":"Account AC040e6e02a30feac6d41a741fd7aef1aa exceeded the null daily messages limit","phoneNumber":"+6281393235006"}
{"timestamp":"2025-01-17T11:03:51.314Z","level":"ERROR","message":"Failed to send WhatsApp message to Riana Dwi Yuniarti","method":"N/A","url":"N/A","error":"Account AC040e6e02a30feac6d41a741fd7aef1aa exceeded the null daily messages limit","phoneNumber":"+62896789928"}
{"timestamp":"2025-01-17T11:03:51.316Z","level":"ERROR","message":"Failed to send WhatsApp message to Marsya Faradilah","method":"N/A","url":"N/A","error":"Account AC040e6e02a30feac6d41a741fd7aef1aa exceeded the null daily messages limit","phoneNumber":"+62896789456"}
{"timestamp":"2025-01-17T11:03:51.318Z","level":"ERROR","message":"Failed to send WhatsApp message to Ruffino Ahmad Noor","method":"N/A","url":"N/A","error":"Account AC040e6e02a30feac6d41a741fd7aef1aa exceeded the null daily messages limit","phoneNumber":"+6289671207356"}
{"timestamp":"2025-01-17T11:03:51.319Z","level":"ERROR","message":"Failed to send WhatsApp message to Muhammad Fadly Abdillah","method":"N/A","url":"N/A","error":"Account AC040e6e02a30feac6d41a741fd7aef1aa exceeded the null daily messages limit","phoneNumber":"+62896456265"}
{"timestamp":"2025-01-17T11:03:51.321Z","level":"ERROR","message":"Failed to send WhatsApp message to I Komang Abimanyu","method":"N/A","url":"N/A","error":"Account AC040e6e02a30feac6d41a741fd7aef1aa exceeded the null daily messages limit","phoneNumber":"+62896789487"}
{"timestamp":"2025-01-17T11:03:51.323Z","level":"ERROR","message":"Failed to send WhatsApp message to Aisyah Selviana","method":"N/A","url":"N/A","error":"Account AC040e6e02a30feac6d41a741fd7aef1aa exceeded the null daily messages limit","phoneNumber":"+62896456123"}
{"timestamp":"2025-01-17T11:03:51.326Z","level":"ERROR","message":"Failed to send WhatsApp message to Sharil Hamza","method":"N/A","url":"N/A","error":"Account AC040e6e02a30feac6d41a741fd7aef1aa exceeded the null daily messages limit","phoneNumber":"+62896456123"}
{"timestamp":"2025-01-17T11:03:51.327Z","level":"ERROR","message":"Failed to send WhatsApp message to Nauraniah Charisma","method":"N/A","url":"N/A","error":"Account AC040e6e02a30feac6d41a741fd7aef1aa exceeded the null daily messages limit","phoneNumber":"+62896456368"}
{"timestamp":"2025-01-17T11:03:51.328Z","level":"ERROR","message":"Failed to send WhatsApp message to Muthiah Kamilah Fatih","method":"N/A","url":"N/A","error":"Account AC040e6e02a30feac6d41a741fd7aef1aa exceeded the null daily messages limit","phoneNumber":"+6289671207356"}
{"timestamp":"2025-01-17T11:04:24.727Z","level":"ERROR","message":"Failed to send WhatsApp message to Dian Purnama Sari","method":"N/A","url":"N/A","error":"Account AC040e6e02a30feac6d41a741fd7aef1aa exceeded the null daily messages limit","phoneNumber":"+6289671207582"}
{"timestamp":"2025-01-17T11:04:24.772Z","level":"ERROR","message":"Failed to send WhatsApp message to Marsya Faradilah","method":"N/A","url":"N/A","error":"Account AC040e6e02a30feac6d41a741fd7aef1aa exceeded the null daily messages limit","phoneNumber":"+62896789456"}
{"timestamp":"2025-01-17T11:04:24.774Z","level":"ERROR","message":"Failed to send WhatsApp message to Afjar Maulana Malik Syahputra","method":"N/A","url":"N/A","error":"Account AC040e6e02a30feac6d41a741fd7aef1aa exceeded the null daily messages limit","phoneNumber":"+62896456123"}
{"timestamp":"2025-01-17T11:04:24.775Z","level":"ERROR","message":"Failed to send WhatsApp message to Yahya Alghazali Mushlih","method":"N/A","url":"N/A","error":"Account AC040e6e02a30feac6d41a741fd7aef1aa exceeded the null daily messages limit","phoneNumber":"+62896789456"}
{"timestamp":"2025-01-17T11:04:24.776Z","level":"ERROR","message":"Failed to send WhatsApp message to Muthiah Kamilah Fatih","method":"N/A","url":"N/A","error":"Account AC040e6e02a30feac6d41a741fd7aef1aa exceeded the null daily messages limit","phoneNumber":"+6289671207356"}
{"timestamp":"2025-01-17T11:04:24.778Z","level":"ERROR","message":"Failed to send WhatsApp message to Muhammad Fadly Abdillah","method":"N/A","url":"N/A","error":"Account AC040e6e02a30feac6d41a741fd7aef1aa exceeded the null daily messages limit","phoneNumber":"+62896456265"}
{"timestamp":"2025-01-17T11:04:24.778Z","level":"ERROR","message":"Failed to send WhatsApp message to Sharil Hamza","method":"N/A","url":"N/A","error":"Account AC040e6e02a30feac6d41a741fd7aef1aa exceeded the null daily messages limit","phoneNumber":"+62896456123"}
{"timestamp":"2025-01-17T11:04:24.779Z","level":"ERROR","message":"Failed to send WhatsApp message to Aisyah Selviana","method":"N/A","url":"N/A","error":"Account AC040e6e02a30feac6d41a741fd7aef1aa exceeded the null daily messages limit","phoneNumber":"+62896456123"}
{"timestamp":"2025-01-17T11:04:24.780Z","level":"ERROR","message":"Failed to send WhatsApp message to I Komang Abimanyu","method":"N/A","url":"N/A","error":"Account AC040e6e02a30feac6d41a741fd7aef1aa exceeded the null daily messages limit","phoneNumber":"+62896789487"}
{"timestamp":"2025-01-17T11:04:24.798Z","level":"ERROR","message":"Failed to send WhatsApp message to Nauraniah Charisma","method":"N/A","url":"N/A","error":"Account AC040e6e02a30feac6d41a741fd7aef1aa exceeded the null daily messages limit","phoneNumber":"+62896456368"}
{"timestamp":"2025-01-17T11:04:24.799Z","level":"ERROR","message":"Failed to send WhatsApp message to Ruffino Ahmad Noor","method":"N/A","url":"N/A","error":"Account AC040e6e02a30feac6d41a741fd7aef1aa exceeded the null daily messages limit","phoneNumber":"+6289671207356"}
{"timestamp":"2025-01-17T11:04:24.800Z","level":"ERROR","message":"Failed to send WhatsApp message to Riana Dwi Yuniarti","method":"N/A","url":"N/A","error":"Account AC040e6e02a30feac6d41a741fd7aef1aa exceeded the null daily messages limit","phoneNumber":"+62896789928"}
{"timestamp":"2025-01-17T11:04:24.801Z","level":"ERROR","message":"Failed to send WhatsApp message to Arunia Salsanur Fais","method":"N/A","url":"N/A","error":"Account AC040e6e02a30feac6d41a741fd7aef1aa exceeded the null daily messages limit","phoneNumber":"+6281393235006"}
{"timestamp":"2025-01-17T11:04:24.807Z","level":"ERROR","message":"Failed to send WhatsApp message to Karina Defitrah Nurul Jinan","method":"N/A","url":"N/A","error":"Account AC040e6e02a30feac6d41a741fd7aef1aa exceeded the null daily messages limit","phoneNumber":"+62896456123"}
{"timestamp":"2025-01-17T11:15:53.884Z","level":"ERROR","message":"Failed to send WhatsApp message to Aisyah Selviana","method":"N/A","url":"N/A","error":"Account AC040e6e02a30feac6d41a741fd7aef1aa exceeded the null daily messages limit","phoneNumber":"+62896456123"}
{"timestamp":"2025-01-17T11:15:53.897Z","level":"ERROR","message":"Failed to send WhatsApp message to I Komang Abimanyu","method":"N/A","url":"N/A","error":"Account AC040e6e02a30feac6d41a741fd7aef1aa exceeded the null daily messages limit","phoneNumber":"+62896789487"}
{"timestamp":"2025-01-17T11:15:53.914Z","level":"ERROR","message":"Failed to send WhatsApp message to Dian Purnama Sari","method":"N/A","url":"N/A","error":"Account AC040e6e02a30feac6d41a741fd7aef1aa exceeded the null daily messages limit","phoneNumber":"+6289671207582"}
{"timestamp":"2025-01-17T11:15:53.935Z","level":"ERROR","message":"Failed to send WhatsApp message to Marsya Faradilah","method":"N/A","url":"N/A","error":"Account AC040e6e02a30feac6d41a741fd7aef1aa exceeded the null daily messages limit","phoneNumber":"+62896789456"}
{"timestamp":"2025-01-17T11:15:53.936Z","level":"ERROR","message":"Failed to send WhatsApp message to Sharil Hamza","method":"N/A","url":"N/A","error":"Account AC040e6e02a30feac6d41a741fd7aef1aa exceeded the null daily messages limit","phoneNumber":"+62896456123"}
{"timestamp":"2025-01-17T11:15:54.342Z","level":"ERROR","message":"Failed to send WhatsApp message to Muhammad Fadly Abdillah","method":"N/A","url":"N/A","error":"Account AC040e6e02a30feac6d41a741fd7aef1aa exceeded the null daily messages limit","phoneNumber":"+62896456265"}
{"timestamp":"2025-01-17T11:15:54.358Z","level":"ERROR","message":"Failed to send WhatsApp message to Afjar Maulana Malik Syahputra","method":"N/A","url":"N/A","error":"Account AC040e6e02a30feac6d41a741fd7aef1aa exceeded the null daily messages limit","phoneNumber":"+62896456123"}
{"timestamp":"2025-01-17T11:15:54.359Z","level":"ERROR","message":"Failed to send WhatsApp message to Yahya Alghazali Mushlih","method":"N/A","url":"N/A","error":"Account AC040e6e02a30feac6d41a741fd7aef1aa exceeded the null daily messages limit","phoneNumber":"+62896789456"}
{"timestamp":"2025-01-17T11:15:54.360Z","level":"ERROR","message":"Failed to send WhatsApp message to Ruffino Ahmad Noor","method":"N/A","url":"N/A","error":"Account AC040e6e02a30feac6d41a741fd7aef1aa exceeded the null daily messages limit","phoneNumber":"+6289671207356"}
{"timestamp":"2025-01-17T11:15:54.376Z","level":"ERROR","message":"Failed to send WhatsApp message to Karina Defitrah Nurul Jinan","method":"N/A","url":"N/A","error":"Account AC040e6e02a30feac6d41a741fd7aef1aa exceeded the null daily messages limit","phoneNumber":"+62896456123"}
{"timestamp":"2025-01-17T11:15:54.377Z","level":"ERROR","message":"Failed to send WhatsApp message to Riana Dwi Yuniarti","method":"N/A","url":"N/A","error":"Account AC040e6e02a30feac6d41a741fd7aef1aa exceeded the null daily messages limit","phoneNumber":"+62896789928"}
{"timestamp":"2025-01-17T11:15:54.415Z","level":"ERROR","message":"Failed to send WhatsApp message to Nauraniah Charisma","method":"N/A","url":"N/A","error":"Account AC040e6e02a30feac6d41a741fd7aef1aa exceeded the null daily messages limit","phoneNumber":"+62896456368"}
{"timestamp":"2025-01-17T11:15:54.435Z","level":"ERROR","message":"Failed to send WhatsApp message to Arunia Salsanur Fais","method":"N/A","url":"N/A","error":"Account AC040e6e02a30feac6d41a741fd7aef1aa exceeded the null daily messages limit","phoneNumber":"+6281393235006"}
{"timestamp":"2025-01-17T11:15:54.455Z","level":"ERROR","message":"Failed to send WhatsApp message to Muthiah Kamilah Fatih","method":"N/A","url":"N/A","error":"Account AC040e6e02a30feac6d41a741fd7aef1aa exceeded the null daily messages limit","phoneNumber":"+6289671207356"}
{"timestamp":"2025-01-17T11:17:13.587Z","level":"ERROR","message":"Failed to send WhatsApp message to Dian Purnama Sari","method":"N/A","url":"N/A","error":"Account AC040e6e02a30feac6d41a741fd7aef1aa exceeded the null daily messages limit","phoneNumber":"+6289671207582"}
{"timestamp":"2025-01-17T11:17:13.590Z","level":"ERROR","message":"Failed to send WhatsApp message to I Komang Abimanyu","method":"N/A","url":"N/A","error":"Account AC040e6e02a30feac6d41a741fd7aef1aa exceeded the null daily messages limit","phoneNumber":"+62896789487"}
{"timestamp":"2025-01-17T11:17:13.591Z","level":"ERROR","message":"Failed to send WhatsApp message to Nauraniah Charisma","method":"N/A","url":"N/A","error":"Account AC040e6e02a30feac6d41a741fd7aef1aa exceeded the null daily messages limit","phoneNumber":"+62896456368"}
{"timestamp":"2025-01-17T11:17:13.593Z","level":"ERROR","message":"Failed to send WhatsApp message to Afjar Maulana Malik Syahputra","method":"N/A","url":"N/A","error":"Account AC040e6e02a30feac6d41a741fd7aef1aa exceeded the null daily messages limit","phoneNumber":"+62896456123"}
{"timestamp":"2025-01-17T11:17:13.594Z","level":"ERROR","message":"Failed to send WhatsApp message to Karina Defitrah Nurul Jinan","method":"N/A","url":"N/A","error":"Account AC040e6e02a30feac6d41a741fd7aef1aa exceeded the null daily messages limit","phoneNumber":"+62896456123"}
{"timestamp":"2025-01-17T11:17:13.596Z","level":"ERROR","message":"Failed to send WhatsApp message to Muhammad Fadly Abdillah","method":"N/A","url":"N/A","error":"Account AC040e6e02a30feac6d41a741fd7aef1aa exceeded the null daily messages limit","phoneNumber":"+62896456265"}
{"timestamp":"2025-01-17T11:17:13.598Z","level":"ERROR","message":"Failed to send WhatsApp message to Sharil Hamza","method":"N/A","url":"N/A","error":"Account AC040e6e02a30feac6d41a741fd7aef1aa exceeded the null daily messages limit","phoneNumber":"+62896456123"}
{"timestamp":"2025-01-17T11:17:13.600Z","level":"ERROR","message":"Failed to send WhatsApp message to Aisyah Selviana","method":"N/A","url":"N/A","error":"Account AC040e6e02a30feac6d41a741fd7aef1aa exceeded the null daily messages limit","phoneNumber":"+62896456123"}
{"timestamp":"2025-01-17T11:17:13.601Z","level":"ERROR","message":"Failed to send WhatsApp message to Marsya Faradilah","method":"N/A","url":"N/A","error":"Account AC040e6e02a30feac6d41a741fd7aef1aa exceeded the null daily messages limit","phoneNumber":"+62896789456"}
{"timestamp":"2025-01-17T11:17:13.602Z","level":"ERROR","message":"Failed to send WhatsApp message to Riana Dwi Yuniarti","method":"N/A","url":"N/A","error":"Account AC040e6e02a30feac6d41a741fd7aef1aa exceeded the null daily messages limit","phoneNumber":"+62896789928"}
{"timestamp":"2025-01-17T11:17:13.604Z","level":"ERROR","message":"Failed to send WhatsApp message to Muthiah Kamilah Fatih","method":"N/A","url":"N/A","error":"Account AC040e6e02a30feac6d41a741fd7aef1aa exceeded the null daily messages limit","phoneNumber":"+6289671207356"}
{"timestamp":"2025-01-17T11:17:13.640Z","level":"ERROR","message":"Failed to send WhatsApp message to Yahya Alghazali Mushlih","method":"N/A","url":"N/A","error":"Account AC040e6e02a30feac6d41a741fd7aef1aa exceeded the null daily messages limit","phoneNumber":"+62896789456"}
{"timestamp":"2025-01-17T11:17:13.641Z","level":"ERROR","message":"Failed to send WhatsApp message to Arunia Salsanur Fais","method":"N/A","url":"N/A","error":"Account AC040e6e02a30feac6d41a741fd7aef1aa exceeded the null daily messages limit","phoneNumber":"+6281393235006"}
{"timestamp":"2025-01-17T11:17:13.643Z","level":"ERROR","message":"Failed to send WhatsApp message to Ruffino Ahmad Noor","method":"N/A","url":"N/A","error":"Account AC040e6e02a30feac6d41a741fd7aef1aa exceeded the null daily messages limit","phoneNumber":"+6289671207356"}
{"timestamp":"2025-01-17T11:38:50.249Z","level":"ERROR","message":"Failed to send WhatsApp message to Yahya Alghazali Mushlih","method":"N/A","url":"N/A","error":"Account AC040e6e02a30feac6d41a741fd7aef1aa exceeded the null daily messages limit","phoneNumber":"+62896789456"}
{"timestamp":"2025-01-17T11:38:50.264Z","level":"ERROR","message":"Failed to send WhatsApp message to Karina Defitrah Nurul Jinan","method":"N/A","url":"N/A","error":"Account AC040e6e02a30feac6d41a741fd7aef1aa exceeded the null daily messages limit","phoneNumber":"+62896456123"}
{"timestamp":"2025-01-17T11:38:50.267Z","level":"ERROR","message":"Failed to send WhatsApp message to Muthiah Kamilah Fatih","method":"N/A","url":"N/A","error":"Account AC040e6e02a30feac6d41a741fd7aef1aa exceeded the null daily messages limit","phoneNumber":"+6289671207356"}
{"timestamp":"2025-01-17T11:38:50.268Z","level":"ERROR","message":"Failed to send WhatsApp message to I Komang Abimanyu","method":"N/A","url":"N/A","error":"Account AC040e6e02a30feac6d41a741fd7aef1aa exceeded the null daily messages limit","phoneNumber":"+62896789487"}
{"timestamp":"2025-01-17T11:38:50.270Z","level":"ERROR","message":"Failed to send WhatsApp message to Sharil Hamza","method":"N/A","url":"N/A","error":"Account AC040e6e02a30feac6d41a741fd7aef1aa exceeded the null daily messages limit","phoneNumber":"+62896456123"}
{"timestamp":"2025-01-17T11:38:50.273Z","level":"ERROR","message":"Failed to send WhatsApp message to Afjar Maulana Malik Syahputra","method":"N/A","url":"N/A","error":"Account AC040e6e02a30feac6d41a741fd7aef1aa exceeded the null daily messages limit","phoneNumber":"+62896456123"}
{"timestamp":"2025-01-17T11:38:50.274Z","level":"ERROR","message":"Failed to send WhatsApp message to Marsya Faradilah","method":"N/A","url":"N/A","error":"Account AC040e6e02a30feac6d41a741fd7aef1aa exceeded the null daily messages limit","phoneNumber":"+62896789456"}
{"timestamp":"2025-01-17T11:38:50.331Z","level":"ERROR","message":"Failed to send WhatsApp message to Dian Purnama Sari","method":"N/A","url":"N/A","error":"Account AC040e6e02a30feac6d41a741fd7aef1aa exceeded the null daily messages limit","phoneNumber":"+6289671207582"}
{"timestamp":"2025-01-17T11:38:50.342Z","level":"ERROR","message":"Failed to send WhatsApp message to Ruffino Ahmad Noor","method":"N/A","url":"N/A","error":"Account AC040e6e02a30feac6d41a741fd7aef1aa exceeded the null daily messages limit","phoneNumber":"+6289671207356"}
{"timestamp":"2025-01-17T11:38:50.348Z","level":"ERROR","message":"Failed to send WhatsApp message to Riana Dwi Yuniarti","method":"N/A","url":"N/A","error":"Account AC040e6e02a30feac6d41a741fd7aef1aa exceeded the null daily messages limit","phoneNumber":"+62896789928"}
{"timestamp":"2025-01-17T11:38:50.727Z","level":"ERROR","message":"Failed to send WhatsApp message to Muhammad Fadly Abdillah","method":"N/A","url":"N/A","error":"Account AC040e6e02a30feac6d41a741fd7aef1aa exceeded the null daily messages limit","phoneNumber":"+62896456265"}
{"timestamp":"2025-01-17T11:38:50.762Z","level":"ERROR","message":"Failed to send WhatsApp message to Nauraniah Charisma","method":"N/A","url":"N/A","error":"Account AC040e6e02a30feac6d41a741fd7aef1aa exceeded the null daily messages limit","phoneNumber":"+62896456368"}
{"timestamp":"2025-01-17T11:38:50.766Z","level":"ERROR","message":"Failed to send WhatsApp message to Arunia Salsanur Fais","method":"N/A","url":"N/A","error":"Account AC040e6e02a30feac6d41a741fd7aef1aa exceeded the null daily messages limit","phoneNumber":"+6281393235006"}
{"timestamp":"2025-01-17T11:38:50.776Z","level":"ERROR","message":"Failed to send WhatsApp message to Aisyah Selviana","method":"N/A","url":"N/A","error":"Account AC040e6e02a30feac6d41a741fd7aef1aa exceeded the null daily messages limit","phoneNumber":"+62896456123"}
{"timestamp":"2025-01-17T11:39:04.887Z","level":"ERROR","message":"Failed to send WhatsApp message to Dian Purnama Sari","method":"N/A","url":"N/A","error":"Account AC040e6e02a30feac6d41a741fd7aef1aa exceeded the null daily messages limit","phoneNumber":"+6289671207582"}
{"timestamp":"2025-01-17T11:39:04.889Z","level":"ERROR","message":"Failed to send WhatsApp message to Arunia Salsanur Fais","method":"N/A","url":"N/A","error":"Account AC040e6e02a30feac6d41a741fd7aef1aa exceeded the null daily messages limit","phoneNumber":"+6281393235006"}
{"timestamp":"2025-01-17T11:39:04.890Z","level":"ERROR","message":"Failed to send WhatsApp message to Karina Defitrah Nurul Jinan","method":"N/A","url":"N/A","error":"Account AC040e6e02a30feac6d41a741fd7aef1aa exceeded the null daily messages limit","phoneNumber":"+62896456123"}
{"timestamp":"2025-01-17T11:39:04.895Z","level":"ERROR","message":"Failed to send WhatsApp message to Yahya Alghazali Mushlih","method":"N/A","url":"N/A","error":"Account AC040e6e02a30feac6d41a741fd7aef1aa exceeded the null daily messages limit","phoneNumber":"+62896789456"}
{"timestamp":"2025-01-17T11:39:04.928Z","level":"ERROR","message":"Failed to send WhatsApp message to Riana Dwi Yuniarti","method":"N/A","url":"N/A","error":"Account AC040e6e02a30feac6d41a741fd7aef1aa exceeded the null daily messages limit","phoneNumber":"+62896789928"}
{"timestamp":"2025-01-17T11:39:04.930Z","level":"ERROR","message":"Failed to send WhatsApp message to Marsya Faradilah","method":"N/A","url":"N/A","error":"Account AC040e6e02a30feac6d41a741fd7aef1aa exceeded the null daily messages limit","phoneNumber":"+62896789456"}
{"timestamp":"2025-01-17T11:39:04.932Z","level":"ERROR","message":"Failed to send WhatsApp message to Muhammad Fadly Abdillah","method":"N/A","url":"N/A","error":"Account AC040e6e02a30feac6d41a741fd7aef1aa exceeded the null daily messages limit","phoneNumber":"+62896456265"}
{"timestamp":"2025-01-17T11:39:04.934Z","level":"ERROR","message":"Failed to send WhatsApp message to Ruffino Ahmad Noor","method":"N/A","url":"N/A","error":"Account AC040e6e02a30feac6d41a741fd7aef1aa exceeded the null daily messages limit","phoneNumber":"+6289671207356"}
{"timestamp":"2025-01-17T11:39:04.943Z","level":"ERROR","message":"Failed to send WhatsApp message to Nauraniah Charisma","method":"N/A","url":"N/A","error":"Account AC040e6e02a30feac6d41a741fd7aef1aa exceeded the null daily messages limit","phoneNumber":"+62896456368"}
{"timestamp":"2025-01-17T11:39:04.945Z","level":"ERROR","message":"Failed to send WhatsApp message to Aisyah Selviana","method":"N/A","url":"N/A","error":"Account AC040e6e02a30feac6d41a741fd7aef1aa exceeded the null daily messages limit","phoneNumber":"+62896456123"}
{"timestamp":"2025-01-17T11:39:04.948Z","level":"ERROR","message":"Failed to send WhatsApp message to Sharil Hamza","method":"N/A","url":"N/A","error":"Account AC040e6e02a30feac6d41a741fd7aef1aa exceeded the null daily messages limit","phoneNumber":"+62896456123"}
{"timestamp":"2025-01-17T11:39:04.951Z","level":"ERROR","message":"Failed to send WhatsApp message to Muthiah Kamilah Fatih","method":"N/A","url":"N/A","error":"Account AC040e6e02a30feac6d41a741fd7aef1aa exceeded the null daily messages limit","phoneNumber":"+6289671207356"}
{"timestamp":"2025-01-17T11:39:04.953Z","level":"ERROR","message":"Failed to send WhatsApp message to Afjar Maulana Malik Syahputra","method":"N/A","url":"N/A","error":"Account AC040e6e02a30feac6d41a741fd7aef1aa exceeded the null daily messages limit","phoneNumber":"+62896456123"}
{"timestamp":"2025-01-17T11:39:04.955Z","level":"ERROR","message":"Failed to send WhatsApp message to I Komang Abimanyu","method":"N/A","url":"N/A","error":"Account AC040e6e02a30feac6d41a741fd7aef1aa exceeded the null daily messages limit","phoneNumber":"+62896789487"}
{"timestamp":"2025-01-17T11:39:05.844Z","level":"ERROR","message":"Failed to send WhatsApp message to Afjar Maulana Malik Syahputra","method":"N/A","url":"N/A","error":"Account AC040e6e02a30feac6d41a741fd7aef1aa exceeded the null daily messages limit","phoneNumber":"+62896456123"}
{"timestamp":"2025-01-17T11:39:05.845Z","level":"ERROR","message":"Failed to send WhatsApp message to Dian Purnama Sari","method":"N/A","url":"N/A","error":"Account AC040e6e02a30feac6d41a741fd7aef1aa exceeded the null daily messages limit","phoneNumber":"+6289671207582"}
{"timestamp":"2025-01-17T11:39:05.847Z","level":"ERROR","message":"Failed to send WhatsApp message to Arunia Salsanur Fais","method":"N/A","url":"N/A","error":"Account AC040e6e02a30feac6d41a741fd7aef1aa exceeded the null daily messages limit","phoneNumber":"+6281393235006"}
{"timestamp":"2025-01-17T11:39:05.857Z","level":"ERROR","message":"Failed to send WhatsApp message to Yahya Alghazali Mushlih","method":"N/A","url":"N/A","error":"Account AC040e6e02a30feac6d41a741fd7aef1aa exceeded the null daily messages limit","phoneNumber":"+62896789456"}
{"timestamp":"2025-01-17T11:39:05.882Z","level":"ERROR","message":"Failed to send WhatsApp message to Muhammad Fadly Abdillah","method":"N/A","url":"N/A","error":"Account AC040e6e02a30feac6d41a741fd7aef1aa exceeded the null daily messages limit","phoneNumber":"+62896456265"}
{"timestamp":"2025-01-17T11:39:05.884Z","level":"ERROR","message":"Failed to send WhatsApp message to Nauraniah Charisma","method":"N/A","url":"N/A","error":"Account AC040e6e02a30feac6d41a741fd7aef1aa exceeded the null daily messages limit","phoneNumber":"+62896456368"}
{"timestamp":"2025-01-17T11:39:05.885Z","level":"ERROR","message":"Failed to send WhatsApp message to Riana Dwi Yuniarti","method":"N/A","url":"N/A","error":"Account AC040e6e02a30feac6d41a741fd7aef1aa exceeded the null daily messages limit","phoneNumber":"+62896789928"}
{"timestamp":"2025-01-17T11:39:05.887Z","level":"ERROR","message":"Failed to send WhatsApp message to Marsya Faradilah","method":"N/A","url":"N/A","error":"Account AC040e6e02a30feac6d41a741fd7aef1aa exceeded the null daily messages limit","phoneNumber":"+62896789456"}
{"timestamp":"2025-01-17T11:39:05.888Z","level":"ERROR","message":"Failed to send WhatsApp message to Muthiah Kamilah Fatih","method":"N/A","url":"N/A","error":"Account AC040e6e02a30feac6d41a741fd7aef1aa exceeded the null daily messages limit","phoneNumber":"+6289671207356"}
{"timestamp":"2025-01-17T11:39:05.893Z","level":"ERROR","message":"Failed to send WhatsApp message to Sharil Hamza","method":"N/A","url":"N/A","error":"Account AC040e6e02a30feac6d41a741fd7aef1aa exceeded the null daily messages limit","phoneNumber":"+62896456123"}
{"timestamp":"2025-01-17T11:39:05.894Z","level":"ERROR","message":"Failed to send WhatsApp message to Aisyah Selviana","method":"N/A","url":"N/A","error":"Account AC040e6e02a30feac6d41a741fd7aef1aa exceeded the null daily messages limit","phoneNumber":"+62896456123"}
{"timestamp":"2025-01-17T11:39:05.895Z","level":"ERROR","message":"Failed to send WhatsApp message to I Komang Abimanyu","method":"N/A","url":"N/A","error":"Account AC040e6e02a30feac6d41a741fd7aef1aa exceeded the null daily messages limit","phoneNumber":"+62896789487"}
{"timestamp":"2025-01-17T11:39:05.896Z","level":"ERROR","message":"Failed to send WhatsApp message to Ruffino Ahmad Noor","method":"N/A","url":"N/A","error":"Account AC040e6e02a30feac6d41a741fd7aef1aa exceeded the null daily messages limit","phoneNumber":"+6289671207356"}
{"timestamp":"2025-01-17T11:39:06.289Z","level":"ERROR","message":"Failed to send WhatsApp message to Karina Defitrah Nurul Jinan","method":"N/A","url":"N/A","error":"Account AC040e6e02a30feac6d41a741fd7aef1aa exceeded the null daily messages limit","phoneNumber":"+62896456123"}
{"timestamp":"2025-01-17T11:39:24.523Z","level":"ERROR","message":"Failed to send WhatsApp message to Dian Purnama Sari","method":"N/A","url":"N/A","error":"Account AC040e6e02a30feac6d41a741fd7aef1aa exceeded the null daily messages limit","phoneNumber":"+6289671207582"}
{"timestamp":"2025-01-17T11:39:24.531Z","level":"ERROR","message":"Failed to send WhatsApp message to Yahya Alghazali Mushlih","method":"N/A","url":"N/A","error":"Account AC040e6e02a30feac6d41a741fd7aef1aa exceeded the null daily messages limit","phoneNumber":"+62896789456"}
{"timestamp":"2025-01-17T11:39:24.532Z","level":"ERROR","message":"Failed to send WhatsApp message to Karina Defitrah Nurul Jinan","method":"N/A","url":"N/A","error":"Account AC040e6e02a30feac6d41a741fd7aef1aa exceeded the null daily messages limit","phoneNumber":"+62896456123"}
{"timestamp":"2025-01-17T11:39:24.533Z","level":"ERROR","message":"Failed to send WhatsApp message to Afjar Maulana Malik Syahputra","method":"N/A","url":"N/A","error":"Account AC040e6e02a30feac6d41a741fd7aef1aa exceeded the null daily messages limit","phoneNumber":"+62896456123"}
{"timestamp":"2025-01-17T11:39:24.533Z","level":"ERROR","message":"Failed to send WhatsApp message to Arunia Salsanur Fais","method":"N/A","url":"N/A","error":"Account AC040e6e02a30feac6d41a741fd7aef1aa exceeded the null daily messages limit","phoneNumber":"+6281393235006"}
{"timestamp":"2025-01-17T11:39:24.589Z","level":"ERROR","message":"Failed to send WhatsApp message to Nauraniah Charisma","method":"N/A","url":"N/A","error":"Account AC040e6e02a30feac6d41a741fd7aef1aa exceeded the null daily messages limit","phoneNumber":"+62896456368"}
{"timestamp":"2025-01-17T11:39:24.592Z","level":"ERROR","message":"Failed to send WhatsApp message to Riana Dwi Yuniarti","method":"N/A","url":"N/A","error":"Account AC040e6e02a30feac6d41a741fd7aef1aa exceeded the null daily messages limit","phoneNumber":"+62896789928"}
{"timestamp":"2025-01-17T11:39:24.596Z","level":"ERROR","message":"Failed to send WhatsApp message to Aisyah Selviana","method":"N/A","url":"N/A","error":"Account AC040e6e02a30feac6d41a741fd7aef1aa exceeded the null daily messages limit","phoneNumber":"+62896456123"}
{"timestamp":"2025-01-17T11:39:24.599Z","level":"ERROR","message":"Failed to send WhatsApp message to I Komang Abimanyu","method":"N/A","url":"N/A","error":"Account AC040e6e02a30feac6d41a741fd7aef1aa exceeded the null daily messages limit","phoneNumber":"+62896789487"}
{"timestamp":"2025-01-17T11:39:24.604Z","level":"ERROR","message":"Failed to send WhatsApp message to Marsya Faradilah","method":"N/A","url":"N/A","error":"Account AC040e6e02a30feac6d41a741fd7aef1aa exceeded the null daily messages limit","phoneNumber":"+62896789456"}
{"timestamp":"2025-01-17T11:39:24.605Z","level":"ERROR","message":"Failed to send WhatsApp message to Sharil Hamza","method":"N/A","url":"N/A","error":"Account AC040e6e02a30feac6d41a741fd7aef1aa exceeded the null daily messages limit","phoneNumber":"+62896456123"}
{"timestamp":"2025-01-17T11:39:24.606Z","level":"ERROR","message":"Failed to send WhatsApp message to Muthiah Kamilah Fatih","method":"N/A","url":"N/A","error":"Account AC040e6e02a30feac6d41a741fd7aef1aa exceeded the null daily messages limit","phoneNumber":"+6289671207356"}
{"timestamp":"2025-01-17T11:39:24.608Z","level":"ERROR","message":"Failed to send WhatsApp message to Ruffino Ahmad Noor","method":"N/A","url":"N/A","error":"Account AC040e6e02a30feac6d41a741fd7aef1aa exceeded the null daily messages limit","phoneNumber":"+6289671207356"}
{"timestamp":"2025-01-17T11:39:24.613Z","level":"ERROR","message":"Failed to send WhatsApp message to Muhammad Fadly Abdillah","method":"N/A","url":"N/A","error":"Account AC040e6e02a30feac6d41a741fd7aef1aa exceeded the null daily messages limit","phoneNumber":"+62896456265"}
{"timestamp":"2025-01-17T11:39:25.465Z","level":"ERROR","message":"Failed to send WhatsApp message to Arunia Salsanur Fais","method":"N/A","url":"N/A","error":"Account AC040e6e02a30feac6d41a741fd7aef1aa exceeded the null daily messages limit","phoneNumber":"+6281393235006"}
{"timestamp":"2025-01-17T11:39:25.467Z","level":"ERROR","message":"Failed to send WhatsApp message to Afjar Maulana Malik Syahputra","method":"N/A","url":"N/A","error":"Account AC040e6e02a30feac6d41a741fd7aef1aa exceeded the null daily messages limit","phoneNumber":"+62896456123"}
{"timestamp":"2025-01-17T11:39:25.468Z","level":"ERROR","message":"Failed to send WhatsApp message to Yahya Alghazali Mushlih","method":"N/A","url":"N/A","error":"Account AC040e6e02a30feac6d41a741fd7aef1aa exceeded the null daily messages limit","phoneNumber":"+62896789456"}
{"timestamp":"2025-01-17T11:39:25.469Z","level":"ERROR","message":"Failed to send WhatsApp message to Karina Defitrah Nurul Jinan","method":"N/A","url":"N/A","error":"Account AC040e6e02a30feac6d41a741fd7aef1aa exceeded the null daily messages limit","phoneNumber":"+62896456123"}
{"timestamp":"2025-01-17T11:39:25.470Z","level":"ERROR","message":"Failed to send WhatsApp message to Dian Purnama Sari","method":"N/A","url":"N/A","error":"Account AC040e6e02a30feac6d41a741fd7aef1aa exceeded the null daily messages limit","phoneNumber":"+6289671207582"}
{"timestamp":"2025-01-17T11:39:25.563Z","level":"ERROR","message":"Failed to send WhatsApp message to Aisyah Selviana","method":"N/A","url":"N/A","error":"Account AC040e6e02a30feac6d41a741fd7aef1aa exceeded the null daily messages limit","phoneNumber":"+62896456123"}
{"timestamp":"2025-01-17T11:39:25.565Z","level":"ERROR","message":"Failed to send WhatsApp message to Riana Dwi Yuniarti","method":"N/A","url":"N/A","error":"Account AC040e6e02a30feac6d41a741fd7aef1aa exceeded the null daily messages limit","phoneNumber":"+62896789928"}
{"timestamp":"2025-01-17T11:39:25.567Z","level":"ERROR","message":"Failed to send WhatsApp message to I Komang Abimanyu","method":"N/A","url":"N/A","error":"Account AC040e6e02a30feac6d41a741fd7aef1aa exceeded the null daily messages limit","phoneNumber":"+62896789487"}
{"timestamp":"2025-01-17T11:39:25.569Z","level":"ERROR","message":"Failed to send WhatsApp message to Marsya Faradilah","method":"N/A","url":"N/A","error":"Account AC040e6e02a30feac6d41a741fd7aef1aa exceeded the null daily messages limit","phoneNumber":"+62896789456"}
{"timestamp":"2025-01-17T11:39:25.572Z","level":"ERROR","message":"Failed to send WhatsApp message to Muhammad Fadly Abdillah","method":"N/A","url":"N/A","error":"Account AC040e6e02a30feac6d41a741fd7aef1aa exceeded the null daily messages limit","phoneNumber":"+62896456265"}
{"timestamp":"2025-01-17T11:39:25.574Z","level":"ERROR","message":"Failed to send WhatsApp message to Nauraniah Charisma","method":"N/A","url":"N/A","error":"Account AC040e6e02a30feac6d41a741fd7aef1aa exceeded the null daily messages limit","phoneNumber":"+62896456368"}
{"timestamp":"2025-01-17T11:39:25.581Z","level":"ERROR","message":"Failed to send WhatsApp message to Ruffino Ahmad Noor","method":"N/A","url":"N/A","error":"Account AC040e6e02a30feac6d41a741fd7aef1aa exceeded the null daily messages limit","phoneNumber":"+6289671207356"}
{"timestamp":"2025-01-17T11:39:25.584Z","level":"ERROR","message":"Failed to send WhatsApp message to Sharil Hamza","method":"N/A","url":"N/A","error":"Account AC040e6e02a30feac6d41a741fd7aef1aa exceeded the null daily messages limit","phoneNumber":"+62896456123"}
{"timestamp":"2025-01-17T11:39:25.586Z","level":"ERROR","message":"Failed to send WhatsApp message to Muthiah Kamilah Fatih","method":"N/A","url":"N/A","error":"Account AC040e6e02a30feac6d41a741fd7aef1aa exceeded the null daily messages limit","phoneNumber":"+6289671207356"}
{"timestamp":"2025-01-17T11:40:34.100Z","level":"ERROR","message":"Failed to send WhatsApp message to Dian Purnama Sari","method":"N/A","url":"N/A","error":"Account AC040e6e02a30feac6d41a741fd7aef1aa exceeded the null daily messages limit","phoneNumber":"+6289671207582"}
{"timestamp":"2025-01-17T11:40:34.266Z","level":"ERROR","message":"Failed to send WhatsApp message to Afjar Maulana Malik Syahputra","method":"N/A","url":"N/A","error":"Account AC040e6e02a30feac6d41a741fd7aef1aa exceeded the null daily messages limit","phoneNumber":"+62896456123"}
{"timestamp":"2025-01-17T11:40:34.267Z","level":"ERROR","message":"Failed to send WhatsApp message to Aisyah Selviana","method":"N/A","url":"N/A","error":"Account AC040e6e02a30feac6d41a741fd7aef1aa exceeded the null daily messages limit","phoneNumber":"+62896456123"}
{"timestamp":"2025-01-17T11:40:34.269Z","level":"ERROR","message":"Failed to send WhatsApp message to Riana Dwi Yuniarti","method":"N/A","url":"N/A","error":"Account AC040e6e02a30feac6d41a741fd7aef1aa exceeded the null daily messages limit","phoneNumber":"+62896789928"}
{"timestamp":"2025-01-17T11:40:34.274Z","level":"ERROR","message":"Failed to send WhatsApp message to Sharil Hamza","method":"N/A","url":"N/A","error":"Account AC040e6e02a30feac6d41a741fd7aef1aa exceeded the null daily messages limit","phoneNumber":"+62896456123"}
{"timestamp":"2025-01-17T11:40:34.278Z","level":"ERROR","message":"Failed to send WhatsApp message to Karina Defitrah Nurul Jinan","method":"N/A","url":"N/A","error":"Account AC040e6e02a30feac6d41a741fd7aef1aa exceeded the null daily messages limit","phoneNumber":"+62896456123"}
{"timestamp":"2025-01-17T11:40:34.281Z","level":"ERROR","message":"Failed to send WhatsApp message to Muhammad Fadly Abdillah","method":"N/A","url":"N/A","error":"Account AC040e6e02a30feac6d41a741fd7aef1aa exceeded the null daily messages limit","phoneNumber":"+62896456265"}
{"timestamp":"2025-01-17T11:40:34.282Z","level":"ERROR","message":"Failed to send WhatsApp message to Ruffino Ahmad Noor","method":"N/A","url":"N/A","error":"Account AC040e6e02a30feac6d41a741fd7aef1aa exceeded the null daily messages limit","phoneNumber":"+6289671207356"}
{"timestamp":"2025-01-17T11:40:34.286Z","level":"ERROR","message":"Failed to send WhatsApp message to Arunia Salsanur Fais","method":"N/A","url":"N/A","error":"Account AC040e6e02a30feac6d41a741fd7aef1aa exceeded the null daily messages limit","phoneNumber":"+6281393235006"}
{"timestamp":"2025-01-17T11:40:34.289Z","level":"ERROR","message":"Failed to send WhatsApp message to Yahya Alghazali Mushlih","method":"N/A","url":"N/A","error":"Account AC040e6e02a30feac6d41a741fd7aef1aa exceeded the null daily messages limit","phoneNumber":"+62896789456"}
{"timestamp":"2025-01-17T11:40:34.294Z","level":"ERROR","message":"Failed to send WhatsApp message to Marsya Faradilah","method":"N/A","url":"N/A","error":"Account AC040e6e02a30feac6d41a741fd7aef1aa exceeded the null daily messages limit","phoneNumber":"+62896789456"}
{"timestamp":"2025-01-17T11:40:34.306Z","level":"ERROR","message":"Failed to send WhatsApp message to I Komang Abimanyu","method":"N/A","url":"N/A","error":"Account AC040e6e02a30feac6d41a741fd7aef1aa exceeded the null daily messages limit","phoneNumber":"+62896789487"}
{"timestamp":"2025-01-17T11:40:34.308Z","level":"ERROR","message":"Failed to send WhatsApp message to Muthiah Kamilah Fatih","method":"N/A","url":"N/A","error":"Account AC040e6e02a30feac6d41a741fd7aef1aa exceeded the null daily messages limit","phoneNumber":"+6289671207356"}
{"timestamp":"2025-01-17T11:40:34.321Z","level":"ERROR","message":"Failed to send WhatsApp message to Nauraniah Charisma","method":"N/A","url":"N/A","error":"Account AC040e6e02a30feac6d41a741fd7aef1aa exceeded the null daily messages limit","phoneNumber":"+62896456368"}
{"timestamp":"2025-01-17T11:41:14.417Z","level":"ERROR","message":"Failed to send WhatsApp message to Dian Purnama Sari","method":"N/A","url":"N/A","error":"Account AC040e6e02a30feac6d41a741fd7aef1aa exceeded the null daily messages limit","phoneNumber":"+6289671207582"}
{"timestamp":"2025-01-17T11:41:14.817Z","level":"ERROR","message":"Failed to send WhatsApp message to Afjar Maulana Malik Syahputra","method":"N/A","url":"N/A","error":"Account AC040e6e02a30feac6d41a741fd7aef1aa exceeded the null daily messages limit","phoneNumber":"+62896456123"}
{"timestamp":"2025-01-17T11:41:14.819Z","level":"ERROR","message":"Failed to send WhatsApp message to Yahya Alghazali Mushlih","method":"N/A","url":"N/A","error":"Account AC040e6e02a30feac6d41a741fd7aef1aa exceeded the null daily messages limit","phoneNumber":"+62896789456"}
{"timestamp":"2025-01-17T11:41:14.825Z","level":"ERROR","message":"Failed to send WhatsApp message to Marsya Faradilah","method":"N/A","url":"N/A","error":"Account AC040e6e02a30feac6d41a741fd7aef1aa exceeded the null daily messages limit","phoneNumber":"+62896789456"}
{"timestamp":"2025-01-17T11:41:14.834Z","level":"ERROR","message":"Failed to send WhatsApp message to Sharil Hamza","method":"N/A","url":"N/A","error":"Account AC040e6e02a30feac6d41a741fd7aef1aa exceeded the null daily messages limit","phoneNumber":"+62896456123"}
{"timestamp":"2025-01-17T11:41:14.836Z","level":"ERROR","message":"Failed to send WhatsApp message to Nauraniah Charisma","method":"N/A","url":"N/A","error":"Account AC040e6e02a30feac6d41a741fd7aef1aa exceeded the null daily messages limit","phoneNumber":"+62896456368"}
{"timestamp":"2025-01-17T11:41:14.837Z","level":"ERROR","message":"Failed to send WhatsApp message to Ruffino Ahmad Noor","method":"N/A","url":"N/A","error":"Account AC040e6e02a30feac6d41a741fd7aef1aa exceeded the null daily messages limit","phoneNumber":"+6289671207356"}
{"timestamp":"2025-01-17T11:41:14.839Z","level":"ERROR","message":"Failed to send WhatsApp message to Arunia Salsanur Fais","method":"N/A","url":"N/A","error":"Account AC040e6e02a30feac6d41a741fd7aef1aa exceeded the null daily messages limit","phoneNumber":"+6281393235006"}
{"timestamp":"2025-01-17T11:41:14.841Z","level":"ERROR","message":"Failed to send WhatsApp message to Muhammad Fadly Abdillah","method":"N/A","url":"N/A","error":"Account AC040e6e02a30feac6d41a741fd7aef1aa exceeded the null daily messages limit","phoneNumber":"+62896456265"}
{"timestamp":"2025-01-17T11:41:14.842Z","level":"ERROR","message":"Failed to send WhatsApp message to Karina Defitrah Nurul Jinan","method":"N/A","url":"N/A","error":"Account AC040e6e02a30feac6d41a741fd7aef1aa exceeded the null daily messages limit","phoneNumber":"+62896456123"}
{"timestamp":"2025-01-17T11:41:14.844Z","level":"ERROR","message":"Failed to send WhatsApp message to Riana Dwi Yuniarti","method":"N/A","url":"N/A","error":"Account AC040e6e02a30feac6d41a741fd7aef1aa exceeded the null daily messages limit","phoneNumber":"+62896789928"}
{"timestamp":"2025-01-17T11:41:14.846Z","level":"ERROR","message":"Failed to send WhatsApp message to Muthiah Kamilah Fatih","method":"N/A","url":"N/A","error":"Account AC040e6e02a30feac6d41a741fd7aef1aa exceeded the null daily messages limit","phoneNumber":"+6289671207356"}
{"timestamp":"2025-01-17T11:41:14.850Z","level":"ERROR","message":"Failed to send WhatsApp message to I Komang Abimanyu","method":"N/A","url":"N/A","error":"Account AC040e6e02a30feac6d41a741fd7aef1aa exceeded the null daily messages limit","phoneNumber":"+62896789487"}
{"timestamp":"2025-01-17T11:41:14.851Z","level":"ERROR","message":"Failed to send WhatsApp message to Aisyah Selviana","method":"N/A","url":"N/A","error":"Account AC040e6e02a30feac6d41a741fd7aef1aa exceeded the null daily messages limit","phoneNumber":"+62896456123"}
{"timestamp":"2025-01-17T12:59:30.496Z","level":"ERROR","message":"Failed to send WhatsApp message to Dian Purnama Sari","method":"N/A","url":"N/A","error":"Account AC040e6e02a30feac6d41a741fd7aef1aa exceeded the null daily messages limit","phoneNumber":"+6289671207582"}
{"timestamp":"2025-01-17T12:59:30.537Z","level":"ERROR","message":"Failed to send WhatsApp message to Karina Defitrah Nurul Jinan","method":"N/A","url":"N/A","error":"Account AC040e6e02a30feac6d41a741fd7aef1aa exceeded the null daily messages limit","phoneNumber":"+62896456123"}
{"timestamp":"2025-01-17T12:59:30.540Z","level":"ERROR","message":"Failed to send WhatsApp message to Arunia Salsanur Fais","method":"N/A","url":"N/A","error":"Account AC040e6e02a30feac6d41a741fd7aef1aa exceeded the null daily messages limit","phoneNumber":"+6281393235006"}
{"timestamp":"2025-01-17T12:59:30.542Z","level":"ERROR","message":"Failed to send WhatsApp message to Afjar Maulana Malik Syahputra","method":"N/A","url":"N/A","error":"Account AC040e6e02a30feac6d41a741fd7aef1aa exceeded the null daily messages limit","phoneNumber":"+62896456123"}
{"timestamp":"2025-01-17T12:59:30.550Z","level":"ERROR","message":"Failed to send WhatsApp message to Marsya Faradilah","method":"N/A","url":"N/A","error":"Account AC040e6e02a30feac6d41a741fd7aef1aa exceeded the null daily messages limit","phoneNumber":"+62896789456"}
{"timestamp":"2025-01-17T12:59:30.552Z","level":"ERROR","message":"Failed to send WhatsApp message to Riana Dwi Yuniarti","method":"N/A","url":"N/A","error":"Account AC040e6e02a30feac6d41a741fd7aef1aa exceeded the null daily messages limit","phoneNumber":"+62896789928"}
{"timestamp":"2025-01-17T12:59:30.553Z","level":"ERROR","message":"Failed to send WhatsApp message to Muhammad Fadly Abdillah","method":"N/A","url":"N/A","error":"Account AC040e6e02a30feac6d41a741fd7aef1aa exceeded the null daily messages limit","phoneNumber":"+62896456265"}
{"timestamp":"2025-01-17T12:59:30.555Z","level":"ERROR","message":"Failed to send WhatsApp message to Muthiah Kamilah Fatih","method":"N/A","url":"N/A","error":"Account AC040e6e02a30feac6d41a741fd7aef1aa exceeded the null daily messages limit","phoneNumber":"+6289671207356"}
{"timestamp":"2025-01-17T12:59:30.556Z","level":"ERROR","message":"Failed to send WhatsApp message to Nauraniah Charisma","method":"N/A","url":"N/A","error":"Account AC040e6e02a30feac6d41a741fd7aef1aa exceeded the null daily messages limit","phoneNumber":"+62896456368"}
{"timestamp":"2025-01-17T12:59:30.557Z","level":"ERROR","message":"Failed to send WhatsApp message to Ruffino Ahmad Noor","method":"N/A","url":"N/A","error":"Account AC040e6e02a30feac6d41a741fd7aef1aa exceeded the null daily messages limit","phoneNumber":"+6289671207356"}
{"timestamp":"2025-01-17T12:59:30.560Z","level":"ERROR","message":"Failed to send WhatsApp message to Yahya Alghazali Mushlih","method":"N/A","url":"N/A","error":"Account AC040e6e02a30feac6d41a741fd7aef1aa exceeded the null daily messages limit","phoneNumber":"+62896789456"}
{"timestamp":"2025-01-17T12:59:30.562Z","level":"ERROR","message":"Failed to send WhatsApp message to I Komang Abimanyu","method":"N/A","url":"N/A","error":"Account AC040e6e02a30feac6d41a741fd7aef1aa exceeded the null daily messages limit","phoneNumber":"+62896789487"}
{"timestamp":"2025-01-17T12:59:30.563Z","level":"ERROR","message":"Failed to send WhatsApp message to Aisyah Selviana","method":"N/A","url":"N/A","error":"Account AC040e6e02a30feac6d41a741fd7aef1aa exceeded the null daily messages limit","phoneNumber":"+62896456123"}
{"timestamp":"2025-01-17T12:59:31.045Z","level":"ERROR","message":"Failed to send WhatsApp message to Sharil Hamza","method":"N/A","url":"N/A","error":"Account AC040e6e02a30feac6d41a741fd7aef1aa exceeded the null daily messages limit","phoneNumber":"+62896456123"}
{"timestamp":"2025-01-17T12:59:38.897Z","level":"ERROR","message":"Failed to send WhatsApp message to Arunia Salsanur Fais","method":"N/A","url":"N/A","error":"Account AC040e6e02a30feac6d41a741fd7aef1aa exceeded the null daily messages limit","phoneNumber":"+6281393235006"}
{"timestamp":"2025-01-17T12:59:38.899Z","level":"ERROR","message":"Failed to send WhatsApp message to Dian Purnama Sari","method":"N/A","url":"N/A","error":"Account AC040e6e02a30feac6d41a741fd7aef1aa exceeded the null daily messages limit","phoneNumber":"+6289671207582"}
{"timestamp":"2025-01-17T12:59:38.900Z","level":"ERROR","message":"Failed to send WhatsApp message to Yahya Alghazali Mushlih","method":"N/A","url":"N/A","error":"Account AC040e6e02a30feac6d41a741fd7aef1aa exceeded the null daily messages limit","phoneNumber":"+62896789456"}
{"timestamp":"2025-01-17T12:59:38.904Z","level":"ERROR","message":"Failed to send WhatsApp message to Karina Defitrah Nurul Jinan","method":"N/A","url":"N/A","error":"Account AC040e6e02a30feac6d41a741fd7aef1aa exceeded the null daily messages limit","phoneNumber":"+62896456123"}
{"timestamp":"2025-01-17T12:59:38.906Z","level":"ERROR","message":"Failed to send WhatsApp message to Afjar Maulana Malik Syahputra","method":"N/A","url":"N/A","error":"Account AC040e6e02a30feac6d41a741fd7aef1aa exceeded the null daily messages limit","phoneNumber":"+62896456123"}
{"timestamp":"2025-01-17T12:59:44.871Z","level":"ERROR","message":"Failed to send WhatsApp message to Yahya Alghazali Mushlih","method":"N/A","url":"N/A","error":"Account AC040e6e02a30feac6d41a741fd7aef1aa exceeded the null daily messages limit","phoneNumber":"+62896789456"}
{"timestamp":"2025-01-17T12:59:44.873Z","level":"ERROR","message":"Failed to send WhatsApp message to Dian Purnama Sari","method":"N/A","url":"N/A","error":"Account AC040e6e02a30feac6d41a741fd7aef1aa exceeded the null daily messages limit","phoneNumber":"+6289671207582"}
{"timestamp":"2025-01-17T12:59:44.874Z","level":"ERROR","message":"Failed to send WhatsApp message to Arunia Salsanur Fais","method":"N/A","url":"N/A","error":"Account AC040e6e02a30feac6d41a741fd7aef1aa exceeded the null daily messages limit","phoneNumber":"+6281393235006"}
{"timestamp":"2025-01-17T12:59:44.876Z","level":"ERROR","message":"Failed to send WhatsApp message to Karina Defitrah Nurul Jinan","method":"N/A","url":"N/A","error":"Account AC040e6e02a30feac6d41a741fd7aef1aa exceeded the null daily messages limit","phoneNumber":"+62896456123"}
{"timestamp":"2025-01-17T12:59:44.877Z","level":"ERROR","message":"Failed to send WhatsApp message to Afjar Maulana Malik Syahputra","method":"N/A","url":"N/A","error":"Account AC040e6e02a30feac6d41a741fd7aef1aa exceeded the null daily messages limit","phoneNumber":"+62896456123"}
{"timestamp":"2025-01-17T12:59:45.178Z","level":"ERROR","message":"Failed to send WhatsApp message to Marsya Faradilah","method":"N/A","url":"N/A","error":"Account AC040e6e02a30feac6d41a741fd7aef1aa exceeded the null daily messages limit","phoneNumber":"+62896789456"}
{"timestamp":"2025-01-17T12:59:45.180Z","level":"ERROR","message":"Failed to send WhatsApp message to Ruffino Ahmad Noor","method":"N/A","url":"N/A","error":"Account AC040e6e02a30feac6d41a741fd7aef1aa exceeded the null daily messages limit","phoneNumber":"+6289671207356"}
{"timestamp":"2025-01-17T12:59:45.182Z","level":"ERROR","message":"Failed to send WhatsApp message to Sharil Hamza","method":"N/A","url":"N/A","error":"Account AC040e6e02a30feac6d41a741fd7aef1aa exceeded the null daily messages limit","phoneNumber":"+62896456123"}
{"timestamp":"2025-01-17T12:59:46.791Z","level":"ERROR","message":"Failed to send WhatsApp message to Riana Dwi Yuniarti","method":"N/A","url":"N/A","error":"Account AC040e6e02a30feac6d41a741fd7aef1aa exceeded the null daily messages limit","phoneNumber":"+62896789928"}
{"timestamp":"2025-01-17T12:59:46.796Z","level":"ERROR","message":"Failed to send WhatsApp message to I Komang Abimanyu","method":"N/A","url":"N/A","error":"Account AC040e6e02a30feac6d41a741fd7aef1aa exceeded the null daily messages limit","phoneNumber":"+62896789487"}
{"timestamp":"2025-01-17T12:59:46.800Z","level":"ERROR","message":"Failed to send WhatsApp message to Muhammad Fadly Abdillah","method":"N/A","url":"N/A","error":"Account AC040e6e02a30feac6d41a741fd7aef1aa exceeded the null daily messages limit","phoneNumber":"+62896456265"}
{"timestamp":"2025-01-17T12:59:46.804Z","level":"ERROR","message":"Failed to send WhatsApp message to Muthiah Kamilah Fatih","method":"N/A","url":"N/A","error":"Account AC040e6e02a30feac6d41a741fd7aef1aa exceeded the null daily messages limit","phoneNumber":"+6289671207356"}
{"timestamp":"2025-01-17T12:59:46.809Z","level":"ERROR","message":"Failed to send WhatsApp message to Ruffino Ahmad Noor","method":"N/A","url":"N/A","error":"Account AC040e6e02a30feac6d41a741fd7aef1aa exceeded the null daily messages limit","phoneNumber":"+6289671207356"}
{"timestamp":"2025-01-17T12:59:46.832Z","level":"ERROR","message":"Failed to send WhatsApp message to Sharil Hamza","method":"N/A","url":"N/A","error":"Account AC040e6e02a30feac6d41a741fd7aef1aa exceeded the null daily messages limit","phoneNumber":"+62896456123"}
{"timestamp":"2025-01-17T12:59:46.835Z","level":"ERROR","message":"Failed to send WhatsApp message to Marsya Faradilah","method":"N/A","url":"N/A","error":"Account AC040e6e02a30feac6d41a741fd7aef1aa exceeded the null daily messages limit","phoneNumber":"+62896789456"}
{"timestamp":"2025-01-17T12:59:47.030Z","level":"ERROR","message":"Failed to send WhatsApp message to Riana Dwi Yuniarti","method":"N/A","url":"N/A","error":"Account AC040e6e02a30feac6d41a741fd7aef1aa exceeded the null daily messages limit","phoneNumber":"+62896789928"}
{"timestamp":"2025-01-17T12:59:47.052Z","level":"ERROR","message":"Failed to send WhatsApp message to Nauraniah Charisma","method":"N/A","url":"N/A","error":"Account AC040e6e02a30feac6d41a741fd7aef1aa exceeded the null daily messages limit","phoneNumber":"+62896456368"}
{"timestamp":"2025-01-17T12:59:47.265Z","level":"ERROR","message":"Failed to send WhatsApp message to Muthiah Kamilah Fatih","method":"N/A","url":"N/A","error":"Account AC040e6e02a30feac6d41a741fd7aef1aa exceeded the null daily messages limit","phoneNumber":"+6289671207356"}
{"timestamp":"2025-01-17T12:59:47.800Z","level":"ERROR","message":"Failed to send WhatsApp message to Nauraniah Charisma","method":"N/A","url":"N/A","error":"Account AC040e6e02a30feac6d41a741fd7aef1aa exceeded the null daily messages limit","phoneNumber":"+62896456368"}
{"timestamp":"2025-01-17T12:59:47.802Z","level":"ERROR","message":"Failed to send WhatsApp message to I Komang Abimanyu","method":"N/A","url":"N/A","error":"Account AC040e6e02a30feac6d41a741fd7aef1aa exceeded the null daily messages limit","phoneNumber":"+62896789487"}
{"timestamp":"2025-01-17T12:59:47.804Z","level":"ERROR","message":"Failed to send WhatsApp message to Muhammad Fadly Abdillah","method":"N/A","url":"N/A","error":"Account AC040e6e02a30feac6d41a741fd7aef1aa exceeded the null daily messages limit","phoneNumber":"+62896456265"}
{"timestamp":"2025-01-17T12:59:47.819Z","level":"ERROR","message":"Failed to send WhatsApp message to Aisyah Selviana","method":"N/A","url":"N/A","error":"Account AC040e6e02a30feac6d41a741fd7aef1aa exceeded the null daily messages limit","phoneNumber":"+62896456123"}
{"timestamp":"2025-01-17T12:59:48.128Z","level":"ERROR","message":"Failed to send WhatsApp message to Aisyah Selviana","method":"N/A","url":"N/A","error":"Account AC040e6e02a30feac6d41a741fd7aef1aa exceeded the null daily messages limit","phoneNumber":"+62896456123"}
{"timestamp":"2025-01-17T13:01:04.707Z","level":"ERROR","message":"Failed to send WhatsApp message to Sharil Hamza","method":"N/A","url":"N/A","error":"Account AC040e6e02a30feac6d41a741fd7aef1aa exceeded the null daily messages limit","phoneNumber":"+62896456123"}
{"timestamp":"2025-01-17T13:01:04.714Z","level":"ERROR","message":"Failed to send WhatsApp message to Dian Purnama Sari","method":"N/A","url":"N/A","error":"Account AC040e6e02a30feac6d41a741fd7aef1aa exceeded the null daily messages limit","phoneNumber":"+6289671207582"}
{"timestamp":"2025-01-17T13:01:04.716Z","level":"ERROR","message":"Failed to send WhatsApp message to Ruffino Ahmad Noor","method":"N/A","url":"N/A","error":"Account AC040e6e02a30feac6d41a741fd7aef1aa exceeded the null daily messages limit","phoneNumber":"+6289671207356"}
{"timestamp":"2025-01-17T13:01:04.718Z","level":"ERROR","message":"Failed to send WhatsApp message to Afjar Maulana Malik Syahputra","method":"N/A","url":"N/A","error":"Account AC040e6e02a30feac6d41a741fd7aef1aa exceeded the null daily messages limit","phoneNumber":"+62896456123"}
{"timestamp":"2025-01-17T13:01:04.723Z","level":"ERROR","message":"Failed to send WhatsApp message to I Komang Abimanyu","method":"N/A","url":"N/A","error":"Account AC040e6e02a30feac6d41a741fd7aef1aa exceeded the null daily messages limit","phoneNumber":"+62896789487"}
{"timestamp":"2025-01-17T13:01:04.725Z","level":"ERROR","message":"Failed to send WhatsApp message to Arunia Salsanur Fais","method":"N/A","url":"N/A","error":"Account AC040e6e02a30feac6d41a741fd7aef1aa exceeded the null daily messages limit","phoneNumber":"+6281393235006"}
{"timestamp":"2025-01-17T13:01:04.728Z","level":"ERROR","message":"Failed to send WhatsApp message to Marsya Faradilah","method":"N/A","url":"N/A","error":"Account AC040e6e02a30feac6d41a741fd7aef1aa exceeded the null daily messages limit","phoneNumber":"+62896789456"}
{"timestamp":"2025-01-17T13:01:04.730Z","level":"ERROR","message":"Failed to send WhatsApp message to Muhammad Fadly Abdillah","method":"N/A","url":"N/A","error":"Account AC040e6e02a30feac6d41a741fd7aef1aa exceeded the null daily messages limit","phoneNumber":"+62896456265"}
{"timestamp":"2025-01-17T13:01:05.169Z","level":"ERROR","message":"Failed to send WhatsApp message to Muthiah Kamilah Fatih","method":"N/A","url":"N/A","error":"Account AC040e6e02a30feac6d41a741fd7aef1aa exceeded the null daily messages limit","phoneNumber":"+6289671207356"}
{"timestamp":"2025-01-17T13:01:05.176Z","level":"ERROR","message":"Failed to send WhatsApp message to Aisyah Selviana","method":"N/A","url":"N/A","error":"Account AC040e6e02a30feac6d41a741fd7aef1aa exceeded the null daily messages limit","phoneNumber":"+62896456123"}
{"timestamp":"2025-01-17T13:01:05.179Z","level":"ERROR","message":"Failed to send WhatsApp message to Karina Defitrah Nurul Jinan","method":"N/A","url":"N/A","error":"Account AC040e6e02a30feac6d41a741fd7aef1aa exceeded the null daily messages limit","phoneNumber":"+62896456123"}
{"timestamp":"2025-01-17T13:01:05.182Z","level":"ERROR","message":"Failed to send WhatsApp message to Nauraniah Charisma","method":"N/A","url":"N/A","error":"Account AC040e6e02a30feac6d41a741fd7aef1aa exceeded the null daily messages limit","phoneNumber":"+62896456368"}
{"timestamp":"2025-01-17T13:01:05.184Z","level":"ERROR","message":"Failed to send WhatsApp message to Yahya Alghazali Mushlih","method":"N/A","url":"N/A","error":"Account AC040e6e02a30feac6d41a741fd7aef1aa exceeded the null daily messages limit","phoneNumber":"+62896789456"}
{"timestamp":"2025-01-17T13:01:05.186Z","level":"ERROR","message":"Failed to send WhatsApp message to Riana Dwi Yuniarti","method":"N/A","url":"N/A","error":"Account AC040e6e02a30feac6d41a741fd7aef1aa exceeded the null daily messages limit","phoneNumber":"+62896789928"}
