{"timestamp":"2024-12-28T21:00:00.076Z","level":"ERROR","message":"Error occurred: Expected ',' or '}' after property value in JSON at position 1927","method":"N/A","url":"N/A"}
{"timestamp":"2024-12-28T21:00:15.558Z","level":"ERROR","message":"Error occurred: Expected ',' or '}' after property value in JSON at position 1927","method":"N/A","url":"N/A"}
{"timestamp":"2024-12-28T21:00:31.263Z","level":"ERROR","message":"Error occurred: Expected ',' or '}' after property value in JSON at position 1927","method":"N/A","url":"N/A"}
{"timestamp":"2024-12-28T21:01:12.801Z","level":"ERROR","message":"Error occurred: Expected ',' or '}' after property value in JSON at position 1927","method":"N/A","url":"N/A"}
{"timestamp":"2024-12-28T21:01:23.442Z","level":"INFO","message":"Login successful","method":"POST","url":"/api/v1/auth/login","userId":"4ed11722-99aa-4126-b57c-0ffdf969a763"}
{"timestamp":"2024-12-28T21:01:23.457Z","level":"INFO","message":"Token created successfully","method":"POST","url":"/api/v1/auth/login","userId":"4ed11722-99aa-4126-b57c-0ffdf969a763"}
{"timestamp":"2024-12-28T21:01:26.714Z","level":"ERROR","message":"Error occurred: Expected ',' or '}' after property value in JSON at position 1927","method":"N/A","url":"N/A"}
{"timestamp":"2024-12-28T21:01:29.056Z","level":"ERROR","message":"Error occurred: Expected ',' or '}' after property value in JSON at position 1927","method":"N/A","url":"N/A"}
{"timestamp":"2024-12-28T21:01:30.454Z","level":"ERROR","message":"Error occurred: Expected ',' or '}' after property value in JSON at position 1927","method":"N/A","url":"N/A"}
{"timestamp":"2024-12-28T21:01:31.743Z","level":"ERROR","message":"Error occurred: Expected ',' or '}' after property value in JSON at position 1927","method":"N/A","url":"N/A"}
{"timestamp":"2024-12-28T21:01:45.881Z","level":"ERROR","message":"Error occurred: Expected ',' or '}' after property value in JSON at position 1927","method":"N/A","url":"N/A"}
{"timestamp":"2024-12-28T21:01:51.759Z","level":"ERROR","message":"Error occurred: Expected ',' or '}' after property value in JSON at position 1927","method":"N/A","url":"N/A"}
{"timestamp":"2024-12-28T21:02:29.570Z","level":"ERROR","message":"Error occurred: Expected ',' or '}' after property value in JSON at position 1927","method":"N/A","url":"N/A"}
{"timestamp":"2024-12-28T21:05:18.930Z","level":"ERROR","message":"Error occurred: Expected ',' or '}' after property value in JSON at position 1927","method":"N/A","url":"N/A"}
{"timestamp":"2024-12-28T21:06:11.287Z","level":"ERROR","message":"Error occurred: Expected ',' or '}' after property value in JSON at position 1927","method":"N/A","url":"N/A"}
{"timestamp":"2024-12-28T21:06:19.148Z","level":"ERROR","message":"Error occurred: Expected ',' or '}' after property value in JSON at position 1927","method":"N/A","url":"N/A"}
{"timestamp":"2024-12-28T22:07:34.174Z","level":"INFO","message":"Login successful","method":"POST","url":"/api/v1/auth/login","userId":"4ed11722-99aa-4126-b57c-0ffdf969a763"}
{"timestamp":"2024-12-28T22:07:34.189Z","level":"INFO","message":"Token created successfully","method":"POST","url":"/api/v1/auth/login","userId":"4ed11722-99aa-4126-b57c-0ffdf969a763"}
{"timestamp":"2024-12-28T22:14:36.206Z","level":"INFO","message":"Login successful","method":"POST","url":"/api/v1/auth/login","userId":"4ed11722-99aa-4126-b57c-0ffdf969a763"}
{"timestamp":"2024-12-28T22:14:36.220Z","level":"INFO","message":"Token created successfully","method":"POST","url":"/api/v1/auth/login","userId":"4ed11722-99aa-4126-b57c-0ffdf969a763"}
{"timestamp":"2024-12-28T22:25:19.853Z","level":"INFO","message":"Login successful","method":"POST","url":"/api/v1/auth/login","userId":"ab834b10-6ff2-459f-b12b-78a7e391521e"}
{"timestamp":"2024-12-28T22:25:19.861Z","level":"INFO","message":"Token created successfully","method":"POST","url":"/api/v1/auth/login","userId":"ab834b10-6ff2-459f-b12b-78a7e391521e"}
{"timestamp":"2024-12-28T22:26:33.749Z","level":"INFO","message":"Login successful","method":"POST","url":"/api/v1/auth/login","userId":"c1a404b4-e16d-43a8-ae3f-f906110ee6aa"}
{"timestamp":"2024-12-28T22:26:33.753Z","level":"INFO","message":"Token created successfully","method":"POST","url":"/api/v1/auth/login","userId":"c1a404b4-e16d-43a8-ae3f-f906110ee6aa"}
{"timestamp":"2024-12-29T00:05:42.278Z","level":"INFO","message":"Login successful","method":"POST","url":"/api/v1/auth/login","userId":"ab834b10-6ff2-459f-b12b-78a7e391521e"}
{"timestamp":"2024-12-29T00:05:42.288Z","level":"INFO","message":"Token created successfully","method":"POST","url":"/api/v1/auth/login","userId":"ab834b10-6ff2-459f-b12b-78a7e391521e"}
{"timestamp":"2024-12-29T14:29:43.322Z","level":"INFO","message":"Login successful","method":"POST","url":"/api/v1/auth/login","userId":"ab834b10-6ff2-459f-b12b-78a7e391521e"}
{"timestamp":"2024-12-29T14:29:43.342Z","level":"INFO","message":"Token created successfully","method":"POST","url":"/api/v1/auth/login","userId":"ab834b10-6ff2-459f-b12b-78a7e391521e"}
{"timestamp":"2024-12-29T14:48:05.062Z","level":"INFO","message":"User logged out","method":"POST","url":"/api/v1/auth/logout","userId":"ab834b10-6ff2-459f-b12b-78a7e391521e"}
{"timestamp":"2024-12-29T14:48:52.367Z","level":"WARN","message":"Login failed, incorrect password","method":"POST","url":"/api/v1/auth/login","username":"ruffino.ahmad"}
{"timestamp":"2024-12-29T14:49:01.036Z","level":"INFO","message":"Login successful","method":"POST","url":"/api/v1/auth/login","userId":"5bba43d2-19aa-45bc-8129-ec3799af208f"}
{"timestamp":"2024-12-29T14:49:01.045Z","level":"INFO","message":"Token created successfully","method":"POST","url":"/api/v1/auth/login","userId":"5bba43d2-19aa-45bc-8129-ec3799af208f"}
{"timestamp":"2024-12-29T14:51:28.501Z","level":"INFO","message":"User logged out","method":"POST","url":"/api/v1/auth/logout","userId":"5bba43d2-19aa-45bc-8129-ec3799af208f"}
{"timestamp":"2024-12-29T14:52:14.869Z","level":"INFO","message":"Login successful","method":"POST","url":"/api/v1/auth/login","userId":"be88b1c0-fd49-4104-998d-32b235e75b92"}
{"timestamp":"2024-12-29T14:52:14.873Z","level":"INFO","message":"Token created successfully","method":"POST","url":"/api/v1/auth/login","userId":"be88b1c0-fd49-4104-998d-32b235e75b92"}
{"timestamp":"2024-12-29T15:01:41.433Z","level":"INFO","message":"User logged out","method":"POST","url":"/api/v1/auth/logout","userId":"be88b1c0-fd49-4104-998d-32b235e75b92"}
{"timestamp":"2024-12-29T15:01:49.808Z","level":"INFO","message":"Login successful","method":"POST","url":"/api/v1/auth/login","userId":"ab834b10-6ff2-459f-b12b-78a7e391521e"}
{"timestamp":"2024-12-29T15:01:49.819Z","level":"INFO","message":"Token created successfully","method":"POST","url":"/api/v1/auth/login","userId":"ab834b10-6ff2-459f-b12b-78a7e391521e"}
{"timestamp":"2024-12-29T15:02:38.843Z","level":"INFO","message":"User logged out","method":"POST","url":"/api/v1/auth/logout","userId":"ab834b10-6ff2-459f-b12b-78a7e391521e"}
{"timestamp":"2024-12-29T15:02:45.805Z","level":"INFO","message":"Login successful","method":"POST","url":"/api/v1/auth/login","userId":"be88b1c0-fd49-4104-998d-32b235e75b92"}
{"timestamp":"2024-12-29T15:02:45.809Z","level":"INFO","message":"Token created successfully","method":"POST","url":"/api/v1/auth/login","userId":"be88b1c0-fd49-4104-998d-32b235e75b92"}
{"timestamp":"2024-12-29T15:06:04.717Z","level":"INFO","message":"User logged out","method":"POST","url":"/api/v1/auth/logout","userId":"be88b1c0-fd49-4104-998d-32b235e75b92"}
{"timestamp":"2024-12-29T15:06:11.097Z","level":"INFO","message":"Login successful","method":"POST","url":"/api/v1/auth/login","userId":"ab834b10-6ff2-459f-b12b-78a7e391521e"}
{"timestamp":"2024-12-29T15:06:11.104Z","level":"INFO","message":"Token created successfully","method":"POST","url":"/api/v1/auth/login","userId":"ab834b10-6ff2-459f-b12b-78a7e391521e"}
{"timestamp":"2024-12-29T15:14:58.032Z","level":"INFO","message":"User logged out","method":"POST","url":"/api/v1/auth/logout","userId":"ab834b10-6ff2-459f-b12b-78a7e391521e"}
{"timestamp":"2024-12-29T15:15:09.714Z","level":"INFO","message":"Login successful","method":"POST","url":"/api/v1/auth/login","userId":"7afd1454-2a81-4d01-bc6e-3864a8a79765"}
{"timestamp":"2024-12-29T15:15:09.724Z","level":"INFO","message":"Token created successfully","method":"POST","url":"/api/v1/auth/login","userId":"7afd1454-2a81-4d01-bc6e-3864a8a79765"}
{"timestamp":"2024-12-29T15:18:44.684Z","level":"INFO","message":"Login successful","method":"POST","url":"/api/v1/auth/login","userId":"7afd1454-2a81-4d01-bc6e-3864a8a79765"}
{"timestamp":"2024-12-29T15:18:44.695Z","level":"INFO","message":"Token created successfully","method":"POST","url":"/api/v1/auth/login","userId":"7afd1454-2a81-4d01-bc6e-3864a8a79765"}
{"timestamp":"2024-12-29T15:20:58.634Z","level":"INFO","message":"Login successful","method":"POST","url":"/api/v1/auth/login","userId":"7afd1454-2a81-4d01-bc6e-3864a8a79765"}
{"timestamp":"2024-12-29T15:20:58.657Z","level":"INFO","message":"Token created successfully","method":"POST","url":"/api/v1/auth/login","userId":"7afd1454-2a81-4d01-bc6e-3864a8a79765"}
{"timestamp":"2024-12-29T15:31:45.178Z","level":"INFO","message":"User logged out","method":"POST","url":"/api/v1/auth/logout","userId":"7afd1454-2a81-4d01-bc6e-3864a8a79765"}
{"timestamp":"2024-12-29T15:31:54.877Z","level":"INFO","message":"Login successful","method":"POST","url":"/api/v1/auth/login","userId":"ab834b10-6ff2-459f-b12b-78a7e391521e"}
{"timestamp":"2024-12-29T15:31:54.886Z","level":"INFO","message":"Token created successfully","method":"POST","url":"/api/v1/auth/login","userId":"ab834b10-6ff2-459f-b12b-78a7e391521e"}
{"timestamp":"2024-12-29T16:45:23.064Z","level":"INFO","message":"User logged out","method":"POST","url":"/api/v1/auth/logout","userId":"ab834b10-6ff2-459f-b12b-78a7e391521e"}
{"timestamp":"2024-12-29T16:45:49.781Z","level":"INFO","message":"Login successful","method":"POST","url":"/api/v1/auth/login","userId":"ab834b10-6ff2-459f-b12b-78a7e391521e"}
{"timestamp":"2024-12-29T16:45:49.788Z","level":"INFO","message":"Token created successfully","method":"POST","url":"/api/v1/auth/login","userId":"ab834b10-6ff2-459f-b12b-78a7e391521e"}
{"timestamp":"2024-12-29T16:47:40.366Z","level":"ERROR","message":"Error sending WhatsApp message: profileId is not defined","method":"N/A","url":"N/A","error":{}}
{"timestamp":"2024-12-29T16:51:06.940Z","level":"ERROR","message":"Error sending WhatsApp messages: \nInvalid `prisma.sensitiveStudentData.findMany()` invocation in\nH:\\Backend\\belajar-orm\\src\\controllers\\newsController.js:806:61\n\n  803 }\n  804 \n  805 // Get all sensitive student data with valid mobile numbers\n→ 806 const sensitiveData = await prisma.sensitiveStudentData.findMany({\n        where: {\n          mobile_number: {\n            not: \"\"\n          }\n        },\n        select: {\n          full_name: true,\n          ~~~~~~~~~\n          mobile_number: true,\n      ?   id?: true,\n      ?   profile_id?: true,\n      ?   pt_code?: true,\n      ?   place_of_birth?: true,\n      ?   date_of_birth?: true,\n      ?   national_identity_number?: true,\n      ?   full_address?: true,\n      ?   email?: true,\n      ?   phone_number?: true,\n      ?   total_credits?: true,\n      ?   graduation_date?: true,\n      ?   yudisium_date?: true,\n      ?   gpa?: true,\n      ?   gender?: true,\n      ?   profile?: true\n        }\n      })\n\nUnknown field `full_name` for select statement on model `SensitiveStudentData`. Available options are marked with ?.","method":"N/A","url":"N/A","error":{"name":"PrismaClientValidationError","clientVersion":"5.21.1"}}
{"timestamp":"2024-12-29T16:52:50.176Z","level":"ERROR","message":"Failed to send WhatsApp message to Aisyah","method":"N/A","url":"N/A","error":"The 'From' number whatsapp:+14155238886 is not a valid phone number, shortcode, or alphanumeric sender ID.","phoneNumber":"+62896456123"}
{"timestamp":"2024-12-29T16:52:50.183Z","level":"ERROR","message":"Failed to send WhatsApp message to Ruffino Ahmad Noor","method":"N/A","url":"N/A","error":"The 'From' number whatsapp:+14155238886 is not a valid phone number, shortcode, or alphanumeric sender ID.","phoneNumber":"+6289671207356"}
{"timestamp":"2024-12-29T16:52:50.185Z","level":"ERROR","message":"Failed to send WhatsApp message to Arunnia Salsa","method":"N/A","url":"N/A","error":"The 'From' number whatsapp:+14155238886 is not a valid phone number, shortcode, or alphanumeric sender ID.","phoneNumber":"+62896789456"}
{"timestamp":"2024-12-29T16:54:35.530Z","level":"ERROR","message":"Failed to send WhatsApp message to Aisyah","method":"N/A","url":"N/A","error":"The 'From' number whatsapp:+14155238886 is not a valid phone number, shortcode, or alphanumeric sender ID.","phoneNumber":"+62896456123"}
{"timestamp":"2024-12-29T16:54:35.539Z","level":"ERROR","message":"Failed to send WhatsApp message to Ruffino Ahmad Noor","method":"N/A","url":"N/A","error":"The 'From' number whatsapp:+14155238886 is not a valid phone number, shortcode, or alphanumeric sender ID.","phoneNumber":"+6289671207356"}
{"timestamp":"2024-12-29T16:54:35.542Z","level":"ERROR","message":"Failed to send WhatsApp message to Arunnia Salsa","method":"N/A","url":"N/A","error":"The 'From' number whatsapp:+14155238886 is not a valid phone number, shortcode, or alphanumeric sender ID.","phoneNumber":"+62896789456"}
{"timestamp":"2024-12-29T16:54:44.361Z","level":"ERROR","message":"Failed to send WhatsApp message to Arunnia Salsa","method":"N/A","url":"N/A","error":"The 'From' number whatsapp:+14155238886 is not a valid phone number, shortcode, or alphanumeric sender ID.","phoneNumber":"+62896789456"}
{"timestamp":"2024-12-29T16:54:44.365Z","level":"ERROR","message":"Failed to send WhatsApp message to Ruffino Ahmad Noor","method":"N/A","url":"N/A","error":"The 'From' number whatsapp:+14155238886 is not a valid phone number, shortcode, or alphanumeric sender ID.","phoneNumber":"+6289671207356"}
{"timestamp":"2024-12-29T16:54:44.367Z","level":"ERROR","message":"Failed to send WhatsApp message to Aisyah","method":"N/A","url":"N/A","error":"The 'From' number whatsapp:+14155238886 is not a valid phone number, shortcode, or alphanumeric sender ID.","phoneNumber":"+62896456123"}
{"timestamp":"2024-12-29T16:55:34.718Z","level":"ERROR","message":"Failed to send WhatsApp message to Aisyah","method":"N/A","url":"N/A","error":"The 'From' number whatsapp:+14155238886 is not a valid phone number, shortcode, or alphanumeric sender ID.","phoneNumber":"+62896456123"}
{"timestamp":"2024-12-29T16:55:34.720Z","level":"ERROR","message":"Failed to send WhatsApp message to Arunnia Salsa","method":"N/A","url":"N/A","error":"The 'From' number whatsapp:+14155238886 is not a valid phone number, shortcode, or alphanumeric sender ID.","phoneNumber":"+62896789456"}
{"timestamp":"2024-12-29T16:55:34.725Z","level":"ERROR","message":"Failed to send WhatsApp message to Ruffino Ahmad Noor","method":"N/A","url":"N/A","error":"The 'From' number whatsapp:+14155238886 is not a valid phone number, shortcode, or alphanumeric sender ID.","phoneNumber":"+6289671207356"}
{"timestamp":"2024-12-29T16:56:15.636Z","level":"INFO","message":"WhatsApp message sent for news ID: 0639677c-2355-48d4-8b59-9987d278d4bd to Aisyah","method":"N/A","url":"N/A","phoneNumber":"+62896456123","messageId":"SMa63fb86b17cad539e6b9212ebb7e7c40"}
{"timestamp":"2024-12-29T16:56:15.643Z","level":"INFO","message":"WhatsApp message sent for news ID: 0639677c-2355-48d4-8b59-9987d278d4bd to Arunnia Salsa","method":"N/A","url":"N/A","phoneNumber":"+62896789456","messageId":"SMf22a7bdbab136642992430fe54b58d64"}
{"timestamp":"2024-12-29T16:56:15.648Z","level":"INFO","message":"WhatsApp message sent for news ID: 0639677c-2355-48d4-8b59-9987d278d4bd to Ruffino Ahmad Noor","method":"N/A","url":"N/A","phoneNumber":"+6289671207356","messageId":"SM0a793971a51c2e3f70f75beaa1f4eed4"}
{"timestamp":"2024-12-29T16:57:25.713Z","level":"INFO","message":"WhatsApp message sent for news ID: 0639677c-2355-48d4-8b59-9987d278d4bd to Aisyah","method":"N/A","url":"N/A","phoneNumber":"+62896456123","messageId":"SM679a0da968b429440722c0a1143ab24f"}
{"timestamp":"2024-12-29T16:57:25.722Z","level":"INFO","message":"WhatsApp message sent for news ID: 0639677c-2355-48d4-8b59-9987d278d4bd to Ruffino Ahmad Noor","method":"N/A","url":"N/A","phoneNumber":"+6289671207356","messageId":"SM90469a3b2db730317ea238273c59a3b9"}
{"timestamp":"2024-12-29T16:57:25.727Z","level":"INFO","message":"WhatsApp message sent for news ID: 0639677c-2355-48d4-8b59-9987d278d4bd to Arunnia Salsa","method":"N/A","url":"N/A","phoneNumber":"+62896789456","messageId":"SM1583f4e8aaabb0e232f8ffcc37cad338"}
