{"timestamp":"2025-01-18T03:16:32.451Z","level":"WARN","message":"Login failed, user not found","method":"POST","url":"/api/v1/auth/login","username":"adminn-ti"}
{"timestamp":"2025-01-18T03:16:37.489Z","level":"WARN","message":"Login failed, incorrect password","method":"POST","url":"/api/v1/auth/login","username":"admin-ti"}
{"timestamp":"2025-01-18T03:16:42.933Z","level":"INFO","message":"Login successful","method":"POST","url":"/api/v1/auth/login","userId":"ae4b2b84-8fb8-4a7d-b94e-7465c682ad46"}
{"timestamp":"2025-01-18T03:16:42.974Z","level":"INFO","message":"Token created successfully","method":"POST","url":"/api/v1/auth/login","userId":"ae4b2b84-8fb8-4a7d-b94e-7465c682ad46"}
{"timestamp":"2025-01-18T03:16:47.997Z","level":"INFO","message":"User logged out","method":"POST","url":"/api/v1/auth/logout","userId":"ae4b2b84-8fb8-4a7d-b94e-7465c682ad46"}
{"timestamp":"2025-01-18T03:23:32.241Z","level":"INFO","message":"Login successful","method":"POST","url":"/api/v1/auth/login","userId":"9b8dbcaf-347d-4860-bc72-3d759ccdb0e8"}
{"timestamp":"2025-01-18T03:23:32.287Z","level":"INFO","message":"Token created successfully","method":"POST","url":"/api/v1/auth/login","userId":"9b8dbcaf-347d-4860-bc72-3d759ccdb0e8"}
{"timestamp":"2025-01-18T03:32:20.518Z","level":"INFO","message":"News with id 6f7f9fbb-c109-4e55-979f-16a27739de40 successfully updated.","method":"PATCH","url":"/api/v1/news/6f7f9fbb-c109-4e55-979f-16a27739de40","userId":"9b8dbcaf-347d-4860-bc72-3d759ccdb0e8","updatedData":{"id":"6f7f9fbb-c109-4e55-979f-16a27739de40","title":"Berita admin Univ coba lagi yaakk","content":"yuhuuuu yaayy","image":"http://localhost:2000/uploads/public/news/image-1736960495382.jpeg","createdAt":"16 Januari 2025","updatedAt":"18 Januari 2025","NewsStatus":"Diverifikasi_Oleh_Universitas","rejectionReason":null,"authorId":"9b8dbcaf-347d-4860-bc72-3d759ccdb0e8","adminUniversitasId":"9b8dbcaf-347d-4860-bc72-3d759ccdb0e8","isActive":true,"author":{"username":"admin-puskaka"},"adminUniversitas":{"username":"admin-puskaka"}}}
{"timestamp":"2025-01-18T03:33:45.548Z","level":"INFO","message":"News with id 6f7f9fbb-c109-4e55-979f-16a27739de40 successfully updated.","method":"PATCH","url":"/api/v1/news/6f7f9fbb-c109-4e55-979f-16a27739de40","userId":"9b8dbcaf-347d-4860-bc72-3d759ccdb0e8","updatedData":{"id":"6f7f9fbb-c109-4e55-979f-16a27739de40","title":"Berita admin Univ coba lagi yaakk","content":"yuhuuuu yaayy","image":"http://localhost:2000/uploads/public/news/image-1736960495382.jpeg","createdAt":"16 Januari 2025","updatedAt":"18 Januari 2025","NewsStatus":"Diverifikasi_Oleh_Universitas","rejectionReason":null,"authorId":"9b8dbcaf-347d-4860-bc72-3d759ccdb0e8","adminUniversitasId":"9b8dbcaf-347d-4860-bc72-3d759ccdb0e8","isActive":true,"author":{"username":"admin-puskaka"},"adminUniversitas":{"username":"admin-puskaka"}}}
{"timestamp":"2025-01-18T03:39:06.009Z","level":"INFO","message":"User logged out","method":"POST","url":"/api/v1/auth/logout","userId":"9b8dbcaf-347d-4860-bc72-3d759ccdb0e8"}
{"timestamp":"2025-01-18T03:39:29.940Z","level":"INFO","message":"Login successful","method":"POST","url":"/api/v1/auth/login","userId":"9b8dbcaf-347d-4860-bc72-3d759ccdb0e8"}
{"timestamp":"2025-01-18T03:39:29.944Z","level":"INFO","message":"Token created successfully","method":"POST","url":"/api/v1/auth/login","userId":"9b8dbcaf-347d-4860-bc72-3d759ccdb0e8"}
{"timestamp":"2025-01-18T03:49:55.607Z","level":"INFO","message":"News with id 6f7f9fbb-c109-4e55-979f-16a27739de40 successfully updated.","method":"PATCH","url":"/api/v1/news/6f7f9fbb-c109-4e55-979f-16a27739de40","userId":"9b8dbcaf-347d-4860-bc72-3d759ccdb0e8","updatedData":{"id":"6f7f9fbb-c109-4e55-979f-16a27739de40","title":"Berita admin Univ coba lagi yaakk","content":"yuhuuuu yaayy t","image":"http://localhost:2000/uploads/public/news/image-1736960495382.jpeg","createdAt":"16 Januari 2025","updatedAt":"18 Januari 2025","NewsStatus":"Diverifikasi_Oleh_Universitas","rejectionReason":null,"authorId":"9b8dbcaf-347d-4860-bc72-3d759ccdb0e8","adminUniversitasId":"9b8dbcaf-347d-4860-bc72-3d759ccdb0e8","isActive":true,"author":{"username":"admin-puskaka"},"adminUniversitas":{"username":"admin-puskaka"}}}
{"timestamp":"2025-01-18T03:50:26.708Z","level":"INFO","message":"News with id 60948b9b-2b95-418e-845a-b837d2ac2948 successfully updated.","method":"PATCH","url":"/api/v1/news/60948b9b-2b95-418e-845a-b837d2ac2948","userId":"9b8dbcaf-347d-4860-bc72-3d759ccdb0e8","updatedData":{"id":"60948b9b-2b95-418e-845a-b837d2ac2948","title":"Berita Admin Univ dengan Tampilan Baru","content":"Berita admin Universitas Lagi!!","image":"http://localhost:2000/uploads/public/news/image-1736698366222.jpeg","createdAt":"7 Januari 2025","updatedAt":"18 Januari 2025","NewsStatus":"Diverifikasi_Oleh_Universitas","rejectionReason":null,"authorId":"9b8dbcaf-347d-4860-bc72-3d759ccdb0e8","adminUniversitasId":"9b8dbcaf-347d-4860-bc72-3d759ccdb0e8","isActive":true,"author":{"username":"admin-puskaka"},"adminUniversitas":{"username":"admin-puskaka"}}}
{"timestamp":"2025-01-18T03:52:41.970Z","level":"INFO","message":"User logged out","method":"POST","url":"/api/v1/auth/logout","userId":"9b8dbcaf-347d-4860-bc72-3d759ccdb0e8"}
{"timestamp":"2025-01-18T03:52:55.392Z","level":"INFO","message":"Login successful","method":"POST","url":"/api/v1/auth/login","userId":"90fb0a5f-0179-453f-8cf9-76506b6732c8"}
{"timestamp":"2025-01-18T03:52:55.397Z","level":"INFO","message":"Token created successfully","method":"POST","url":"/api/v1/auth/login","userId":"90fb0a5f-0179-453f-8cf9-76506b6732c8"}
{"timestamp":"2025-01-18T03:55:13.453Z","level":"INFO","message":"User logged out","method":"POST","url":"/api/v1/auth/logout","userId":"90fb0a5f-0179-453f-8cf9-76506b6732c8"}
{"timestamp":"2025-01-18T03:59:19.287Z","level":"INFO","message":"Login successful","method":"POST","url":"/api/v1/auth/login","userId":"9b8dbcaf-347d-4860-bc72-3d759ccdb0e8"}
{"timestamp":"2025-01-18T03:59:19.326Z","level":"INFO","message":"Token created successfully","method":"POST","url":"/api/v1/auth/login","userId":"9b8dbcaf-347d-4860-bc72-3d759ccdb0e8"}
{"timestamp":"2025-01-18T04:02:20.585Z","level":"INFO","message":"User logged out","method":"POST","url":"/api/v1/auth/logout","userId":"9b8dbcaf-347d-4860-bc72-3d759ccdb0e8"}
{"timestamp":"2025-01-18T04:02:32.181Z","level":"WARN","message":"Login failed, incorrect password","method":"POST","url":"/api/v1/auth/login","username":"arunia.salsanur"}
{"timestamp":"2025-01-18T04:02:44.408Z","level":"INFO","message":"Login successful","method":"POST","url":"/api/v1/auth/login","userId":"90fb0a5f-0179-453f-8cf9-76506b6732c8"}
{"timestamp":"2025-01-18T04:02:44.559Z","level":"INFO","message":"Token created successfully","method":"POST","url":"/api/v1/auth/login","userId":"90fb0a5f-0179-453f-8cf9-76506b6732c8"}
{"timestamp":"2025-01-18T04:06:17.397Z","level":"INFO","message":"User logged out","method":"POST","url":"/api/v1/auth/logout","userId":"90fb0a5f-0179-453f-8cf9-76506b6732c8"}
{"timestamp":"2025-01-18T04:09:48.683Z","level":"INFO","message":"Login successful","method":"POST","url":"/api/v1/auth/login","userId":"9b8dbcaf-347d-4860-bc72-3d759ccdb0e8"}
{"timestamp":"2025-01-18T04:09:48.727Z","level":"INFO","message":"Token created successfully","method":"POST","url":"/api/v1/auth/login","userId":"9b8dbcaf-347d-4860-bc72-3d759ccdb0e8"}
{"timestamp":"2025-01-18T04:10:24.668Z","level":"INFO","message":"User logged out","method":"POST","url":"/api/v1/auth/logout","userId":"9b8dbcaf-347d-4860-bc72-3d759ccdb0e8"}
{"timestamp":"2025-01-18T04:20:37.345Z","level":"WARN","message":"Login failed, incorrect password","method":"POST","url":"/api/v1/auth/login","username":"arunia.salsanur"}
{"timestamp":"2025-01-18T04:20:47.710Z","level":"INFO","message":"Login successful","method":"POST","url":"/api/v1/auth/login","userId":"ae4b2b84-8fb8-4a7d-b94e-7465c682ad46"}
{"timestamp":"2025-01-18T04:20:47.746Z","level":"INFO","message":"Token created successfully","method":"POST","url":"/api/v1/auth/login","userId":"ae4b2b84-8fb8-4a7d-b94e-7465c682ad46"}
{"timestamp":"2025-01-18T04:22:25.706Z","level":"INFO","message":"User logged out","method":"POST","url":"/api/v1/auth/logout","userId":"ae4b2b84-8fb8-4a7d-b94e-7465c682ad46"}
{"timestamp":"2025-01-18T04:24:58.938Z","level":"INFO","message":"Login successful","method":"POST","url":"/api/v1/auth/login","userId":"9b8dbcaf-347d-4860-bc72-3d759ccdb0e8"}
{"timestamp":"2025-01-18T04:24:58.994Z","level":"INFO","message":"Token created successfully","method":"POST","url":"/api/v1/auth/login","userId":"9b8dbcaf-347d-4860-bc72-3d759ccdb0e8"}
{"timestamp":"2025-01-18T04:25:46.191Z","level":"INFO","message":"User logged out","method":"POST","url":"/api/v1/auth/logout","userId":"9b8dbcaf-347d-4860-bc72-3d759ccdb0e8"}
{"timestamp":"2025-01-18T04:27:14.676Z","level":"INFO","message":"Login successful","method":"POST","url":"/api/v1/auth/login","userId":"90fb0a5f-0179-453f-8cf9-76506b6732c8"}
{"timestamp":"2025-01-18T04:27:14.722Z","level":"INFO","message":"Token created successfully","method":"POST","url":"/api/v1/auth/login","userId":"90fb0a5f-0179-453f-8cf9-76506b6732c8"}
{"timestamp":"2025-01-18T04:27:17.236Z","level":"INFO","message":"User logged out","method":"POST","url":"/api/v1/auth/logout","userId":"90fb0a5f-0179-453f-8cf9-76506b6732c8"}
{"timestamp":"2025-01-18T04:31:53.916Z","level":"INFO","message":"Password changed successfully","method":"PATCH","url":"/api/v1/auth/changePassword","userId":"90fb0a5f-0179-453f-8cf9-76506b6732c8"}
{"timestamp":"2025-01-18T04:35:12.993Z","level":"INFO","message":"Login successful","method":"POST","url":"/api/v1/auth/login","userId":"9b8dbcaf-347d-4860-bc72-3d759ccdb0e8"}
{"timestamp":"2025-01-18T04:35:13.051Z","level":"INFO","message":"Token created successfully","method":"POST","url":"/api/v1/auth/login","userId":"9b8dbcaf-347d-4860-bc72-3d759ccdb0e8"}
{"timestamp":"2025-01-18T04:59:07.633Z","level":"INFO","message":"User logged out","method":"POST","url":"/api/v1/auth/logout","userId":"9b8dbcaf-347d-4860-bc72-3d759ccdb0e8"}
{"timestamp":"2025-01-18T04:59:17.586Z","level":"INFO","message":"Login successful","method":"POST","url":"/api/v1/auth/login","userId":"ae4b2b84-8fb8-4a7d-b94e-7465c682ad46"}
{"timestamp":"2025-01-18T04:59:17.595Z","level":"INFO","message":"Token created successfully","method":"POST","url":"/api/v1/auth/login","userId":"ae4b2b84-8fb8-4a7d-b94e-7465c682ad46"}
{"timestamp":"2025-01-18T04:59:38.877Z","level":"INFO","message":"User logged out","method":"POST","url":"/api/v1/auth/logout","userId":"ae4b2b84-8fb8-4a7d-b94e-7465c682ad46"}
{"timestamp":"2025-01-18T04:59:52.808Z","level":"INFO","message":"Login successful","method":"POST","url":"/api/v1/auth/login","userId":"90fb0a5f-0179-453f-8cf9-76506b6732c8"}
{"timestamp":"2025-01-18T04:59:52.813Z","level":"INFO","message":"Token created successfully","method":"POST","url":"/api/v1/auth/login","userId":"90fb0a5f-0179-453f-8cf9-76506b6732c8"}
{"timestamp":"2025-01-18T05:12:17.871Z","level":"INFO","message":"User logged out","method":"POST","url":"/api/v1/auth/logout","userId":"90fb0a5f-0179-453f-8cf9-76506b6732c8"}
{"timestamp":"2025-01-18T05:12:43.938Z","level":"INFO","message":"Login successful","method":"POST","url":"/api/v1/auth/login","userId":"9b8dbcaf-347d-4860-bc72-3d759ccdb0e8"}
{"timestamp":"2025-01-18T05:12:43.944Z","level":"INFO","message":"Token created successfully","method":"POST","url":"/api/v1/auth/login","userId":"9b8dbcaf-347d-4860-bc72-3d759ccdb0e8"}
{"timestamp":"2025-01-18T05:26:30.831Z","level":"INFO","message":"User logged out","method":"POST","url":"/api/v1/auth/logout","userId":"9b8dbcaf-347d-4860-bc72-3d759ccdb0e8"}
{"timestamp":"2025-01-18T05:29:57.092Z","level":"INFO","message":"Login successful","method":"POST","url":"/api/v1/auth/login","userId":"90fb0a5f-0179-453f-8cf9-76506b6732c8"}
{"timestamp":"2025-01-18T05:29:57.153Z","level":"INFO","message":"Token created successfully","method":"POST","url":"/api/v1/auth/login","userId":"90fb0a5f-0179-453f-8cf9-76506b6732c8"}
{"timestamp":"2025-01-18T05:30:23.791Z","level":"INFO","message":"User logged out","method":"POST","url":"/api/v1/auth/logout","userId":"90fb0a5f-0179-453f-8cf9-76506b6732c8"}
{"timestamp":"2025-01-18T05:30:46.287Z","level":"INFO","message":"Login successful","method":"POST","url":"/api/v1/auth/login","userId":"9b8dbcaf-347d-4860-bc72-3d759ccdb0e8"}
{"timestamp":"2025-01-18T05:30:46.303Z","level":"INFO","message":"Token created successfully","method":"POST","url":"/api/v1/auth/login","userId":"9b8dbcaf-347d-4860-bc72-3d759ccdb0e8"}
{"timestamp":"2025-01-18T05:31:16.541Z","level":"INFO","message":"User logged out","method":"POST","url":"/api/v1/auth/logout","userId":"9b8dbcaf-347d-4860-bc72-3d759ccdb0e8"}
{"timestamp":"2025-01-18T05:31:25.755Z","level":"INFO","message":"Login successful","method":"POST","url":"/api/v1/auth/login","userId":"ae4b2b84-8fb8-4a7d-b94e-7465c682ad46"}
{"timestamp":"2025-01-18T05:31:25.757Z","level":"INFO","message":"Token created successfully","method":"POST","url":"/api/v1/auth/login","userId":"ae4b2b84-8fb8-4a7d-b94e-7465c682ad46"}
{"timestamp":"2025-01-18T05:44:14.661Z","level":"INFO","message":"User logged out","method":"POST","url":"/api/v1/auth/logout","userId":"ae4b2b84-8fb8-4a7d-b94e-7465c682ad46"}
{"timestamp":"2025-01-18T05:44:28.032Z","level":"INFO","message":"Login successful","method":"POST","url":"/api/v1/auth/login","userId":"9b8dbcaf-347d-4860-bc72-3d759ccdb0e8"}
{"timestamp":"2025-01-18T05:44:28.036Z","level":"INFO","message":"Token created successfully","method":"POST","url":"/api/v1/auth/login","userId":"9b8dbcaf-347d-4860-bc72-3d759ccdb0e8"}
{"timestamp":"2025-01-18T05:57:42.285Z","level":"INFO","message":"User logged out","method":"POST","url":"/api/v1/auth/logout","userId":"9b8dbcaf-347d-4860-bc72-3d759ccdb0e8"}
{"timestamp":"2025-01-18T05:58:10.161Z","level":"INFO","message":"Login successful","method":"POST","url":"/api/v1/auth/login","userId":"ae4b2b84-8fb8-4a7d-b94e-7465c682ad46"}
{"timestamp":"2025-01-18T05:58:10.200Z","level":"INFO","message":"Token created successfully","method":"POST","url":"/api/v1/auth/login","userId":"ae4b2b84-8fb8-4a7d-b94e-7465c682ad46"}
{"timestamp":"2025-01-18T05:58:19.707Z","level":"INFO","message":"User logged out","method":"POST","url":"/api/v1/auth/logout","userId":"ae4b2b84-8fb8-4a7d-b94e-7465c682ad46"}
{"timestamp":"2025-01-18T05:58:30.622Z","level":"INFO","message":"Login successful","method":"POST","url":"/api/v1/auth/login","userId":"90fb0a5f-0179-453f-8cf9-76506b6732c8"}
{"timestamp":"2025-01-18T05:58:30.624Z","level":"INFO","message":"Token created successfully","method":"POST","url":"/api/v1/auth/login","userId":"90fb0a5f-0179-453f-8cf9-76506b6732c8"}
{"timestamp":"2025-01-18T05:58:44.635Z","level":"INFO","message":"User logged out","method":"POST","url":"/api/v1/auth/logout","userId":"90fb0a5f-0179-453f-8cf9-76506b6732c8"}
{"timestamp":"2025-01-18T06:07:35.130Z","level":"INFO","message":"Login successful","method":"POST","url":"/api/v1/auth/login","userId":"9b8dbcaf-347d-4860-bc72-3d759ccdb0e8"}
{"timestamp":"2025-01-18T06:07:35.182Z","level":"INFO","message":"Token created successfully","method":"POST","url":"/api/v1/auth/login","userId":"9b8dbcaf-347d-4860-bc72-3d759ccdb0e8"}
{"timestamp":"2025-01-18T06:08:25.228Z","level":"ERROR","message":"Failed to send WhatsApp message to Arunia Salsanur Fais","method":"N/A","url":"N/A","error":"Account AC040e6e02a30feac6d41a741fd7aef1aa exceeded the null daily messages limit","phoneNumber":"+6281393235006"}
{"timestamp":"2025-01-18T06:08:25.234Z","level":"ERROR","message":"Failed to send WhatsApp message to Karina Defitrah Nurul Jinan","method":"N/A","url":"N/A","error":"Account AC040e6e02a30feac6d41a741fd7aef1aa exceeded the null daily messages limit","phoneNumber":"+62896456123"}
{"timestamp":"2025-01-18T06:08:25.235Z","level":"ERROR","message":"Failed to send WhatsApp message to Yahya Alghazali Mushlih","method":"N/A","url":"N/A","error":"Account AC040e6e02a30feac6d41a741fd7aef1aa exceeded the null daily messages limit","phoneNumber":"+62896789456"}
{"timestamp":"2025-01-18T06:08:25.237Z","level":"ERROR","message":"Failed to send WhatsApp message to Sharil Hamza","method":"N/A","url":"N/A","error":"Account AC040e6e02a30feac6d41a741fd7aef1aa exceeded the null daily messages limit","phoneNumber":"+62896456123"}
{"timestamp":"2025-01-18T06:08:25.239Z","level":"ERROR","message":"Failed to send WhatsApp message to Nauraniah Charisma","method":"N/A","url":"N/A","error":"Account AC040e6e02a30feac6d41a741fd7aef1aa exceeded the null daily messages limit","phoneNumber":"+62896456368"}
{"timestamp":"2025-01-18T06:08:25.240Z","level":"ERROR","message":"Failed to send WhatsApp message to Muthiah Kamilah Fatih","method":"N/A","url":"N/A","error":"Account AC040e6e02a30feac6d41a741fd7aef1aa exceeded the null daily messages limit","phoneNumber":"+6289671207356"}
{"timestamp":"2025-01-18T06:08:25.242Z","level":"ERROR","message":"Failed to send WhatsApp message to Riana Dwi Yuniarti","method":"N/A","url":"N/A","error":"Account AC040e6e02a30feac6d41a741fd7aef1aa exceeded the null daily messages limit","phoneNumber":"+62896789928"}
{"timestamp":"2025-01-18T06:08:25.245Z","level":"ERROR","message":"Failed to send WhatsApp message to Dian Purnama Sari","method":"N/A","url":"N/A","error":"Account AC040e6e02a30feac6d41a741fd7aef1aa exceeded the null daily messages limit","phoneNumber":"+6289671207582"}
{"timestamp":"2025-01-18T06:08:25.248Z","level":"ERROR","message":"Failed to send WhatsApp message to Aisyah Selviana","method":"N/A","url":"N/A","error":"Account AC040e6e02a30feac6d41a741fd7aef1aa exceeded the null daily messages limit","phoneNumber":"+62896456123"}
{"timestamp":"2025-01-18T06:08:25.251Z","level":"ERROR","message":"Failed to send WhatsApp message to Afjar Maulana Malik Syahputra","method":"N/A","url":"N/A","error":"Account AC040e6e02a30feac6d41a741fd7aef1aa exceeded the null daily messages limit","phoneNumber":"+62896456123"}
{"timestamp":"2025-01-18T06:08:25.252Z","level":"ERROR","message":"Failed to send WhatsApp message to Marsya Faradilah","method":"N/A","url":"N/A","error":"Account AC040e6e02a30feac6d41a741fd7aef1aa exceeded the null daily messages limit","phoneNumber":"+62896789456"}
{"timestamp":"2025-01-18T06:08:25.626Z","level":"ERROR","message":"Failed to send WhatsApp message to I Komang Abimanyu","method":"N/A","url":"N/A","error":"Account AC040e6e02a30feac6d41a741fd7aef1aa exceeded the null daily messages limit","phoneNumber":"+62896789487"}
{"timestamp":"2025-01-18T06:08:25.645Z","level":"ERROR","message":"Failed to send WhatsApp message to Muhammad Fadly Abdillah","method":"N/A","url":"N/A","error":"Account AC040e6e02a30feac6d41a741fd7aef1aa exceeded the null daily messages limit","phoneNumber":"+62896456265"}
{"timestamp":"2025-01-18T06:08:25.668Z","level":"ERROR","message":"Failed to send WhatsApp message to Ruffino Ahmad Noor","method":"N/A","url":"N/A","error":"Account AC040e6e02a30feac6d41a741fd7aef1aa exceeded the null daily messages limit","phoneNumber":"+6289671207356"}
{"timestamp":"2025-01-18T06:43:05.166Z","level":"INFO","message":"Login successful","method":"POST","url":"/api/v1/auth/login","userId":"90fb0a5f-0179-453f-8cf9-76506b6732c8"}
{"timestamp":"2025-01-18T06:43:05.212Z","level":"INFO","message":"Token created successfully","method":"POST","url":"/api/v1/auth/login","userId":"90fb0a5f-0179-453f-8cf9-76506b6732c8"}
{"timestamp":"2025-01-18T06:43:14.131Z","level":"INFO","message":"User logged out","method":"POST","url":"/api/v1/auth/logout","userId":"90fb0a5f-0179-453f-8cf9-76506b6732c8"}
{"timestamp":"2025-01-18T06:58:34.487Z","level":"INFO","message":"Login successful","method":"POST","url":"/api/v1/auth/login","userId":"9b8dbcaf-347d-4860-bc72-3d759ccdb0e8"}
{"timestamp":"2025-01-18T06:58:34.524Z","level":"INFO","message":"Token created successfully","method":"POST","url":"/api/v1/auth/login","userId":"9b8dbcaf-347d-4860-bc72-3d759ccdb0e8"}
{"timestamp":"2025-01-18T06:59:14.135Z","level":"INFO","message":"User logged out","method":"POST","url":"/api/v1/auth/logout","userId":"9b8dbcaf-347d-4860-bc72-3d759ccdb0e8"}
{"timestamp":"2025-01-18T06:59:28.566Z","level":"INFO","message":"Login successful","method":"POST","url":"/api/v1/auth/login","userId":"90fb0a5f-0179-453f-8cf9-76506b6732c8"}
{"timestamp":"2025-01-18T06:59:28.570Z","level":"INFO","message":"Token created successfully","method":"POST","url":"/api/v1/auth/login","userId":"90fb0a5f-0179-453f-8cf9-76506b6732c8"}
{"timestamp":"2025-01-18T07:01:41.368Z","level":"INFO","message":"User logged out","method":"POST","url":"/api/v1/auth/logout","userId":"90fb0a5f-0179-453f-8cf9-76506b6732c8"}
{"timestamp":"2025-01-18T12:35:29.449Z","level":"INFO","message":"User created successfully","method":"POST","url":"/api/v1/auth/register","userId":"c0a09058-6ccd-4f9f-b61b-cba585ddcd4f","username":"admin_puskaka"}
{"timestamp":"2025-01-18T12:35:29.469Z","level":"INFO","message":"Token created successfully","method":"POST","url":"/api/v1/auth/register","userId":"c0a09058-6ccd-4f9f-b61b-cba585ddcd4f"}
{"timestamp":"2025-01-18T12:35:54.378Z","level":"WARN","message":"Login failed, user not found","method":"POST","url":"/api/v1/auth/login","username":"admin-puskaka"}
{"timestamp":"2025-01-18T12:36:08.561Z","level":"INFO","message":"Login successful","method":"POST","url":"/api/v1/auth/login","userId":"c0a09058-6ccd-4f9f-b61b-cba585ddcd4f"}
{"timestamp":"2025-01-18T12:36:08.564Z","level":"INFO","message":"Token created successfully","method":"POST","url":"/api/v1/auth/login","userId":"c0a09058-6ccd-4f9f-b61b-cba585ddcd4f"}
{"timestamp":"2025-01-18T12:38:27.230Z","level":"INFO","message":"User logged out","method":"POST","url":"/api/v1/auth/logout","userId":"c0a09058-6ccd-4f9f-b61b-cba585ddcd4f"}
{"timestamp":"2025-01-18T12:39:31.791Z","level":"INFO","message":"Login successful","method":"POST","url":"/api/v1/auth/login","userId":"c0a09058-6ccd-4f9f-b61b-cba585ddcd4f"}
{"timestamp":"2025-01-18T12:39:31.793Z","level":"INFO","message":"Token created successfully","method":"POST","url":"/api/v1/auth/login","userId":"c0a09058-6ccd-4f9f-b61b-cba585ddcd4f"}
{"timestamp":"2025-01-18T12:48:58.986Z","level":"INFO","message":"User logged out","method":"POST","url":"/api/v1/auth/logout","userId":"c0a09058-6ccd-4f9f-b61b-cba585ddcd4f"}
{"timestamp":"2025-01-18T12:49:14.720Z","level":"INFO","message":"Login successful","method":"POST","url":"/api/v1/auth/login","userId":"9eec490a-febd-41f4-8b53-79c0f020b0c4"}
{"timestamp":"2025-01-18T12:49:14.722Z","level":"INFO","message":"Token created successfully","method":"POST","url":"/api/v1/auth/login","userId":"9eec490a-febd-41f4-8b53-79c0f020b0c4"}
{"timestamp":"2025-01-18T13:06:08.317Z","level":"INFO","message":"User logged out","method":"POST","url":"/api/v1/auth/logout","userId":"9eec490a-febd-41f4-8b53-79c0f020b0c4"}
{"timestamp":"2025-01-18T13:06:18.942Z","level":"WARN","message":"Login failed, incorrect password","method":"POST","url":"/api/v1/auth/login","username":"admin_puskaka"}
{"timestamp":"2025-01-18T13:06:45.412Z","level":"INFO","message":"Login successful","method":"POST","url":"/api/v1/auth/login","userId":"c0a09058-6ccd-4f9f-b61b-cba585ddcd4f"}
{"timestamp":"2025-01-18T13:06:45.414Z","level":"INFO","message":"Token created successfully","method":"POST","url":"/api/v1/auth/login","userId":"c0a09058-6ccd-4f9f-b61b-cba585ddcd4f"}
{"timestamp":"2025-01-18T13:16:46.483Z","level":"INFO","message":"User logged out","method":"POST","url":"/api/v1/auth/logout","userId":"c0a09058-6ccd-4f9f-b61b-cba585ddcd4f"}
{"timestamp":"2025-01-18T13:17:04.332Z","level":"INFO","message":"Login successful","method":"POST","url":"/api/v1/auth/login","userId":"9e11e0de-3391-43f1-b63f-bf5c4dcdef87"}
{"timestamp":"2025-01-18T13:17:04.335Z","level":"INFO","message":"Token created successfully","method":"POST","url":"/api/v1/auth/login","userId":"9e11e0de-3391-43f1-b63f-bf5c4dcdef87"}
{"timestamp":"2025-01-18T13:17:18.548Z","level":"INFO","message":"User logged out","method":"POST","url":"/api/v1/auth/logout","userId":"9e11e0de-3391-43f1-b63f-bf5c4dcdef87"}
{"timestamp":"2025-01-18T13:19:06.592Z","level":"INFO","message":"Password changed successfully","method":"PATCH","url":"/api/v1/auth/changePassword","userId":"9fec7f06-14e1-43f4-8f6e-ae7beb3630f7"}
{"timestamp":"2025-01-18T13:19:29.791Z","level":"INFO","message":"Login successful","method":"POST","url":"/api/v1/auth/login","userId":"9fec7f06-14e1-43f4-8f6e-ae7beb3630f7"}
{"timestamp":"2025-01-18T13:19:29.794Z","level":"INFO","message":"Token created successfully","method":"POST","url":"/api/v1/auth/login","userId":"9fec7f06-14e1-43f4-8f6e-ae7beb3630f7"}
{"timestamp":"2025-01-18T14:11:57.885Z","level":"INFO","message":"User logged out","method":"POST","url":"/api/v1/auth/logout","userId":"9fec7f06-14e1-43f4-8f6e-ae7beb3630f7"}
{"timestamp":"2025-01-18T14:12:12.262Z","level":"INFO","message":"Login successful","method":"POST","url":"/api/v1/auth/login","userId":"9eec490a-febd-41f4-8b53-79c0f020b0c4"}
{"timestamp":"2025-01-18T14:12:12.266Z","level":"INFO","message":"Token created successfully","method":"POST","url":"/api/v1/auth/login","userId":"9eec490a-febd-41f4-8b53-79c0f020b0c4"}
{"timestamp":"2025-01-18T14:12:49.195Z","level":"INFO","message":"User logged out","method":"POST","url":"/api/v1/auth/logout","userId":"9eec490a-febd-41f4-8b53-79c0f020b0c4"}
{"timestamp":"2025-01-18T14:12:59.449Z","level":"WARN","message":"Login failed, incorrect password","method":"POST","url":"/api/v1/auth/login","username":"admin_puskaka"}
{"timestamp":"2025-01-18T14:13:04.224Z","level":"INFO","message":"Login successful","method":"POST","url":"/api/v1/auth/login","userId":"c0a09058-6ccd-4f9f-b61b-cba585ddcd4f"}
{"timestamp":"2025-01-18T14:13:04.227Z","level":"INFO","message":"Token created successfully","method":"POST","url":"/api/v1/auth/login","userId":"c0a09058-6ccd-4f9f-b61b-cba585ddcd4f"}
{"timestamp":"2025-01-18T14:13:21.988Z","level":"INFO","message":"WhatsApp message sent for news ID: 48352262-f22f-4ba3-9454-c732c4bc5ecc to Ruffino Ahmad Noor","method":"N/A","url":"N/A","phoneNumber":"+6289671207356","messageId":"SM52ce935f1520ebb0a22cd67dd4f54179"}
{"timestamp":"2025-01-18T14:13:21.991Z","level":"INFO","message":"WhatsApp message sent for news ID: 48352262-f22f-4ba3-9454-c732c4bc5ecc to Arunnia Salsa","method":"N/A","url":"N/A","phoneNumber":"+62896789456","messageId":"SM768a07dc700f69c1986ea92066d8fa8a"}
{"timestamp":"2025-01-18T14:13:21.993Z","level":"INFO","message":"WhatsApp message sent for news ID: 48352262-f22f-4ba3-9454-c732c4bc5ecc to Aisyah","method":"N/A","url":"N/A","phoneNumber":"+62896456123","messageId":"SMb25b590b8176d02667903bc3f041f9bf"}
{"timestamp":"2025-01-18T14:14:46.561Z","level":"INFO","message":"User logged out","method":"POST","url":"/api/v1/auth/logout","userId":"c0a09058-6ccd-4f9f-b61b-cba585ddcd4f"}
{"timestamp":"2025-01-18T14:15:10.842Z","level":"INFO","message":"Login successful","method":"POST","url":"/api/v1/auth/login","userId":"9fec7f06-14e1-43f4-8f6e-ae7beb3630f7"}
{"timestamp":"2025-01-18T14:15:10.853Z","level":"INFO","message":"Token created successfully","method":"POST","url":"/api/v1/auth/login","userId":"9fec7f06-14e1-43f4-8f6e-ae7beb3630f7"}
{"timestamp":"2025-01-18T14:20:26.662Z","level":"INFO","message":"User logged out","method":"POST","url":"/api/v1/auth/logout","userId":"9fec7f06-14e1-43f4-8f6e-ae7beb3630f7"}
{"timestamp":"2025-01-18T14:23:58.537Z","level":"INFO","message":"Login successful","method":"POST","url":"/api/v1/auth/login","userId":"c0a09058-6ccd-4f9f-b61b-cba585ddcd4f"}
{"timestamp":"2025-01-18T14:23:58.540Z","level":"INFO","message":"Token created successfully","method":"POST","url":"/api/v1/auth/login","userId":"c0a09058-6ccd-4f9f-b61b-cba585ddcd4f"}
{"timestamp":"2025-01-18T14:29:09.937Z","level":"INFO","message":"User logged out","method":"POST","url":"/api/v1/auth/logout","userId":"c0a09058-6ccd-4f9f-b61b-cba585ddcd4f"}
{"timestamp":"2025-01-18T14:29:21.571Z","level":"INFO","message":"Login successful","method":"POST","url":"/api/v1/auth/login","userId":"9fec7f06-14e1-43f4-8f6e-ae7beb3630f7"}
{"timestamp":"2025-01-18T14:29:21.573Z","level":"INFO","message":"Token created successfully","method":"POST","url":"/api/v1/auth/login","userId":"9fec7f06-14e1-43f4-8f6e-ae7beb3630f7"}
{"timestamp":"2025-01-18T14:30:12.283Z","level":"INFO","message":"User logged out","method":"POST","url":"/api/v1/auth/logout","userId":"9fec7f06-14e1-43f4-8f6e-ae7beb3630f7"}
