{"timestamp":"2025-01-06T17:50:38.883Z","level":"WARN","message":"Login failed, user not found","method":"POST","url":"/api/v1/auth/login","username":"admin-univ"}
{"timestamp":"2025-01-06T17:50:44.958Z","level":"INFO","message":"Login successful","method":"POST","url":"/api/v1/auth/login","userId":"9b8dbcaf-347d-4860-bc72-3d759ccdb0e8"}
{"timestamp":"2025-01-06T17:50:45.007Z","level":"INFO","message":"Token created successfully","method":"POST","url":"/api/v1/auth/login","userId":"9b8dbcaf-347d-4860-bc72-3d759ccdb0e8"}
{"timestamp":"2025-01-06T18:31:00.893Z","level":"INFO","message":"User logged out","method":"POST","url":"/api/v1/auth/logout","userId":"9b8dbcaf-347d-4860-bc72-3d759ccdb0e8"}
{"timestamp":"2025-01-06T18:31:11.417Z","level":"INFO","message":"Login successful","method":"POST","url":"/api/v1/auth/login","userId":"90fb0a5f-0179-453f-8cf9-76506b6732c8"}
{"timestamp":"2025-01-06T18:31:11.425Z","level":"INFO","message":"Token created successfully","method":"POST","url":"/api/v1/auth/login","userId":"90fb0a5f-0179-453f-8cf9-76506b6732c8"}
{"timestamp":"2025-01-06T18:33:52.998Z","level":"INFO","message":"User logged out","method":"POST","url":"/api/v1/auth/logout","userId":"90fb0a5f-0179-453f-8cf9-76506b6732c8"}
{"timestamp":"2025-01-06T18:34:12.080Z","level":"INFO","message":"Login successful","method":"POST","url":"/api/v1/auth/login","userId":"9b8dbcaf-347d-4860-bc72-3d759ccdb0e8"}
{"timestamp":"2025-01-06T18:34:12.089Z","level":"INFO","message":"Token created successfully","method":"POST","url":"/api/v1/auth/login","userId":"9b8dbcaf-347d-4860-bc72-3d759ccdb0e8"}
{"timestamp":"2025-01-06T18:47:55.749Z","level":"INFO","message":"User logged out","method":"POST","url":"/api/v1/auth/logout","userId":"9b8dbcaf-347d-4860-bc72-3d759ccdb0e8"}
{"timestamp":"2025-01-06T18:48:14.998Z","level":"INFO","message":"Login successful","method":"POST","url":"/api/v1/auth/login","userId":"ae4b2b84-8fb8-4a7d-b94e-7465c682ad46"}
{"timestamp":"2025-01-06T18:48:15.007Z","level":"INFO","message":"Token created successfully","method":"POST","url":"/api/v1/auth/login","userId":"ae4b2b84-8fb8-4a7d-b94e-7465c682ad46"}
{"timestamp":"2025-01-06T18:51:52.466Z","level":"INFO","message":"User logged out","method":"POST","url":"/api/v1/auth/logout","userId":"ae4b2b84-8fb8-4a7d-b94e-7465c682ad46"}
{"timestamp":"2025-01-06T18:52:05.539Z","level":"INFO","message":"Login successful","method":"POST","url":"/api/v1/auth/login","userId":"90fb0a5f-0179-453f-8cf9-76506b6732c8"}
{"timestamp":"2025-01-06T18:52:05.545Z","level":"INFO","message":"Token created successfully","method":"POST","url":"/api/v1/auth/login","userId":"90fb0a5f-0179-453f-8cf9-76506b6732c8"}
{"timestamp":"2025-01-06T18:54:06.555Z","level":"INFO","message":"User logged out","method":"POST","url":"/api/v1/auth/logout","userId":"90fb0a5f-0179-453f-8cf9-76506b6732c8"}
{"timestamp":"2025-01-06T18:54:20.509Z","level":"INFO","message":"Login successful","method":"POST","url":"/api/v1/auth/login","userId":"e28fad70-f964-4b33-843a-39064addd910"}
{"timestamp":"2025-01-06T18:54:20.514Z","level":"INFO","message":"Token created successfully","method":"POST","url":"/api/v1/auth/login","userId":"e28fad70-f964-4b33-843a-39064addd910"}
{"timestamp":"2025-01-07T02:31:49.782Z","level":"INFO","message":"Login successful","method":"POST","url":"/api/v1/auth/login","userId":"90fb0a5f-0179-453f-8cf9-76506b6732c8"}
{"timestamp":"2025-01-07T02:31:49.831Z","level":"INFO","message":"Token created successfully","method":"POST","url":"/api/v1/auth/login","userId":"90fb0a5f-0179-453f-8cf9-76506b6732c8"}
{"timestamp":"2025-01-07T02:32:30.284Z","level":"INFO","message":"Login successful","method":"POST","url":"/api/v1/auth/login","userId":"9b8dbcaf-347d-4860-bc72-3d759ccdb0e8"}
{"timestamp":"2025-01-07T02:32:30.289Z","level":"INFO","message":"Token created successfully","method":"POST","url":"/api/v1/auth/login","userId":"9b8dbcaf-347d-4860-bc72-3d759ccdb0e8"}
{"timestamp":"2025-01-07T02:51:17.120Z","level":"INFO","message":"User logged out","method":"POST","url":"/api/v1/auth/logout","userId":"9b8dbcaf-347d-4860-bc72-3d759ccdb0e8"}
{"timestamp":"2025-01-07T02:51:35.924Z","level":"INFO","message":"Login successful","method":"POST","url":"/api/v1/auth/login","userId":"ae4b2b84-8fb8-4a7d-b94e-7465c682ad46"}
{"timestamp":"2025-01-07T02:51:35.929Z","level":"INFO","message":"Token created successfully","method":"POST","url":"/api/v1/auth/login","userId":"ae4b2b84-8fb8-4a7d-b94e-7465c682ad46"}
{"timestamp":"2025-01-07T02:52:12.782Z","level":"INFO","message":"User logged out","method":"POST","url":"/api/v1/auth/logout","userId":"ae4b2b84-8fb8-4a7d-b94e-7465c682ad46"}
{"timestamp":"2025-01-07T02:52:28.484Z","level":"INFO","message":"Login successful","method":"POST","url":"/api/v1/auth/login","userId":"90fb0a5f-0179-453f-8cf9-76506b6732c8"}
{"timestamp":"2025-01-07T02:52:28.487Z","level":"INFO","message":"Token created successfully","method":"POST","url":"/api/v1/auth/login","userId":"90fb0a5f-0179-453f-8cf9-76506b6732c8"}
{"timestamp":"2025-01-07T03:07:39.817Z","level":"INFO","message":"User logged out","method":"POST","url":"/api/v1/auth/logout","userId":"90fb0a5f-0179-453f-8cf9-76506b6732c8"}
{"timestamp":"2025-01-07T03:07:58.329Z","level":"INFO","message":"Login successful","method":"POST","url":"/api/v1/auth/login","userId":"9b8dbcaf-347d-4860-bc72-3d759ccdb0e8"}
{"timestamp":"2025-01-07T03:07:58.338Z","level":"INFO","message":"Token created successfully","method":"POST","url":"/api/v1/auth/login","userId":"9b8dbcaf-347d-4860-bc72-3d759ccdb0e8"}
{"timestamp":"2025-01-07T03:46:15.372Z","level":"INFO","message":"Login successful","method":"POST","url":"/api/v1/auth/login","userId":"90fb0a5f-0179-453f-8cf9-76506b6732c8"}
{"timestamp":"2025-01-07T03:46:15.439Z","level":"INFO","message":"Token created successfully","method":"POST","url":"/api/v1/auth/login","userId":"90fb0a5f-0179-453f-8cf9-76506b6732c8"}
{"timestamp":"2025-01-07T03:46:28.484Z","level":"INFO","message":"Login successful","method":"POST","url":"/api/v1/auth/login","userId":"9b8dbcaf-347d-4860-bc72-3d759ccdb0e8"}
{"timestamp":"2025-01-07T03:46:28.487Z","level":"INFO","message":"Token created successfully","method":"POST","url":"/api/v1/auth/login","userId":"9b8dbcaf-347d-4860-bc72-3d759ccdb0e8"}
{"timestamp":"2025-01-07T03:50:09.859Z","level":"INFO","message":"User logged out","method":"POST","url":"/api/v1/auth/logout","userId":"9b8dbcaf-347d-4860-bc72-3d759ccdb0e8"}
{"timestamp":"2025-01-07T03:54:31.810Z","level":"INFO","message":"Login successful","method":"POST","url":"/api/v1/auth/login","userId":"9b8dbcaf-347d-4860-bc72-3d759ccdb0e8"}
{"timestamp":"2025-01-07T03:54:31.814Z","level":"INFO","message":"Token created successfully","method":"POST","url":"/api/v1/auth/login","userId":"9b8dbcaf-347d-4860-bc72-3d759ccdb0e8"}
{"timestamp":"2025-01-07T04:25:54.411Z","level":"INFO","message":"User logged out","method":"POST","url":"/api/v1/auth/logout","userId":"9b8dbcaf-347d-4860-bc72-3d759ccdb0e8"}
{"timestamp":"2025-01-07T04:31:55.659Z","level":"INFO","message":"Login successful","method":"POST","url":"/api/v1/auth/login","userId":"9b8dbcaf-347d-4860-bc72-3d759ccdb0e8"}
{"timestamp":"2025-01-07T04:31:55.684Z","level":"INFO","message":"Token created successfully","method":"POST","url":"/api/v1/auth/login","userId":"9b8dbcaf-347d-4860-bc72-3d759ccdb0e8"}
{"timestamp":"2025-01-07T04:41:38.986Z","level":"INFO","message":"News with id 60948b9b-2b95-418e-845a-b837d2ac2948 successfully updated.","method":"PATCH","url":"/api/v1/news/60948b9b-2b95-418e-845a-b837d2ac2948","userId":"9b8dbcaf-347d-4860-bc72-3d759ccdb0e8","updatedData":{"id":"60948b9b-2b95-418e-845a-b837d2ac2948","title":"Berita Admin Univ dengan Tampilan Baru","content":"Berita admin univ lagi","image":"http://localhost:2000/uploads/public/news/image-1736224861423.jpeg","createdAt":"7 Januari 2025","updatedAt":"7 Januari 2025","NewsStatus":"Diverifikasi_Oleh_Universitas","rejectionReason":null,"authorId":"9b8dbcaf-347d-4860-bc72-3d759ccdb0e8","adminUniversitasId":"9b8dbcaf-347d-4860-bc72-3d759ccdb0e8","isActive":true,"author":{"username":"admin-puskaka"},"adminUniversitas":{"username":"admin-puskaka"}}}
{"timestamp":"2025-01-07T04:46:15.804Z","level":"INFO","message":"User logged out","method":"POST","url":"/api/v1/auth/logout","userId":"9b8dbcaf-347d-4860-bc72-3d759ccdb0e8"}
{"timestamp":"2025-01-07T04:47:57.480Z","level":"INFO","message":"Login successful","method":"POST","url":"/api/v1/auth/login","userId":"464e3a8b-c770-4854-b6b0-a3db70d88e5d"}
{"timestamp":"2025-01-07T04:47:57.489Z","level":"INFO","message":"Token created successfully","method":"POST","url":"/api/v1/auth/login","userId":"464e3a8b-c770-4854-b6b0-a3db70d88e5d"}
{"timestamp":"2025-01-07T04:54:36.178Z","level":"INFO","message":"User logged out","method":"POST","url":"/api/v1/auth/logout","userId":"464e3a8b-c770-4854-b6b0-a3db70d88e5d"}
{"timestamp":"2025-01-07T04:55:08.214Z","level":"INFO","message":"Login successful","method":"POST","url":"/api/v1/auth/login","userId":"ae4b2b84-8fb8-4a7d-b94e-7465c682ad46"}
{"timestamp":"2025-01-07T04:55:08.237Z","level":"INFO","message":"Token created successfully","method":"POST","url":"/api/v1/auth/login","userId":"ae4b2b84-8fb8-4a7d-b94e-7465c682ad46"}
{"timestamp":"2025-01-07T04:57:29.629Z","level":"INFO","message":"User logged out","method":"POST","url":"/api/v1/auth/logout","userId":"ae4b2b84-8fb8-4a7d-b94e-7465c682ad46"}
{"timestamp":"2025-01-07T15:04:07.642Z","level":"INFO","message":"Login successful","method":"POST","url":"/api/v1/auth/login","userId":"90fb0a5f-0179-453f-8cf9-76506b6732c8"}
{"timestamp":"2025-01-07T15:04:07.672Z","level":"INFO","message":"Token created successfully","method":"POST","url":"/api/v1/auth/login","userId":"90fb0a5f-0179-453f-8cf9-76506b6732c8"}
{"timestamp":"2025-01-07T15:05:02.923Z","level":"INFO","message":"User logged out","method":"POST","url":"/api/v1/auth/logout","userId":"90fb0a5f-0179-453f-8cf9-76506b6732c8"}
{"timestamp":"2025-01-07T15:05:22.123Z","level":"INFO","message":"Login successful","method":"POST","url":"/api/v1/auth/login","userId":"9b8dbcaf-347d-4860-bc72-3d759ccdb0e8"}
{"timestamp":"2025-01-07T15:05:22.130Z","level":"INFO","message":"Token created successfully","method":"POST","url":"/api/v1/auth/login","userId":"9b8dbcaf-347d-4860-bc72-3d759ccdb0e8"}
{"timestamp":"2025-01-07T15:06:08.418Z","level":"INFO","message":"User logged out","method":"POST","url":"/api/v1/auth/logout","userId":"9b8dbcaf-347d-4860-bc72-3d759ccdb0e8"}
{"timestamp":"2025-01-07T15:06:26.022Z","level":"INFO","message":"Login successful","method":"POST","url":"/api/v1/auth/login","userId":"ae4b2b84-8fb8-4a7d-b94e-7465c682ad46"}
{"timestamp":"2025-01-07T15:06:26.029Z","level":"INFO","message":"Token created successfully","method":"POST","url":"/api/v1/auth/login","userId":"ae4b2b84-8fb8-4a7d-b94e-7465c682ad46"}
{"timestamp":"2025-01-07T15:22:06.515Z","level":"INFO","message":"User logged out","method":"POST","url":"/api/v1/auth/logout","userId":"ae4b2b84-8fb8-4a7d-b94e-7465c682ad46"}
{"timestamp":"2025-01-07T15:22:21.704Z","level":"INFO","message":"Login successful","method":"POST","url":"/api/v1/auth/login","userId":"90fb0a5f-0179-453f-8cf9-76506b6732c8"}
{"timestamp":"2025-01-07T15:22:21.710Z","level":"INFO","message":"Token created successfully","method":"POST","url":"/api/v1/auth/login","userId":"90fb0a5f-0179-453f-8cf9-76506b6732c8"}
