{"timestamp":"2024-12-29T17:11:26.109Z","level":"ERROR","message":"Failed to send WhatsApp message to Aisyah","method":"N/A","url":"N/A","error":"Account AC5a2ad35b6135a91f58f3af27ebad7656 exceeded the null daily messages limit","phoneNumber":"+62896456123"}
{"timestamp":"2024-12-29T17:11:26.144Z","level":"ERROR","message":"Failed to send WhatsApp message to Arunnia Salsa","method":"N/A","url":"N/A","error":"Account AC5a2ad35b6135a91f58f3af27ebad7656 exceeded the null daily messages limit","phoneNumber":"+62896789456"}
{"timestamp":"2024-12-29T17:11:26.185Z","level":"INFO","message":"WhatsApp message sent for news ID: 0639677c-2355-48d4-8b59-9987d278d4bd to Ruffino Ahmad Noor","method":"N/A","url":"N/A","phoneNumber":"+6289671207356","messageId":"SMe882c1c0dedbf93fc47b169e1132b12f"}
{"timestamp":"2024-12-29T17:12:26.214Z","level":"ERROR","message":"Failed to send WhatsApp message to Ruffino Ahmad Noor","method":"N/A","url":"N/A","error":"Account AC5a2ad35b6135a91f58f3af27ebad7656 exceeded the null daily messages limit","phoneNumber":"+6289671207356"}
{"timestamp":"2024-12-29T17:12:26.276Z","level":"INFO","message":"WhatsApp message sent for Event ID: a2953384-9fff-4278-8444-f3d8991ed458 to Aisyah","method":"N/A","url":"N/A","phoneNumber":"+62896456123","messageId":"SMd0b2014a0cfce2bcf7de2c8ed0954ae7"}
{"timestamp":"2024-12-29T17:12:26.281Z","level":"INFO","message":"WhatsApp message sent for Event ID: a2953384-9fff-4278-8444-f3d8991ed458 to Arunnia Salsa","method":"N/A","url":"N/A","phoneNumber":"+62896789456","messageId":"SM33c9c9077c0fc1c543ab0cb5e6aaa10a"}
{"timestamp":"2024-12-29T17:12:41.251Z","level":"ERROR","message":"Failed to send WhatsApp message to Arunnia Salsa","method":"N/A","url":"N/A","error":"Account AC5a2ad35b6135a91f58f3af27ebad7656 exceeded the null daily messages limit","phoneNumber":"+62896789456"}
{"timestamp":"2024-12-29T17:12:41.257Z","level":"ERROR","message":"Failed to send WhatsApp message to Aisyah","method":"N/A","url":"N/A","error":"Account AC5a2ad35b6135a91f58f3af27ebad7656 exceeded the null daily messages limit","phoneNumber":"+62896456123"}
{"timestamp":"2024-12-29T17:12:41.260Z","level":"ERROR","message":"Failed to send WhatsApp message to Ruffino Ahmad Noor","method":"N/A","url":"N/A","error":"Account AC5a2ad35b6135a91f58f3af27ebad7656 exceeded the null daily messages limit","phoneNumber":"+6289671207356"}
{"timestamp":"2024-12-29T17:12:43.347Z","level":"ERROR","message":"Failed to send WhatsApp message to Arunnia Salsa","method":"N/A","url":"N/A","error":"Account AC5a2ad35b6135a91f58f3af27ebad7656 exceeded the null daily messages limit","phoneNumber":"+62896789456"}
{"timestamp":"2024-12-29T17:12:43.366Z","level":"ERROR","message":"Failed to send WhatsApp message to Ruffino Ahmad Noor","method":"N/A","url":"N/A","error":"Account AC5a2ad35b6135a91f58f3af27ebad7656 exceeded the null daily messages limit","phoneNumber":"+6289671207356"}
{"timestamp":"2024-12-29T17:12:43.427Z","level":"INFO","message":"WhatsApp message sent for Event ID: a2953384-9fff-4278-8444-f3d8991ed458 to Aisyah","method":"N/A","url":"N/A","phoneNumber":"+62896456123","messageId":"SM0746f6f2e8ae57ee593223d1503397ca"}
{"timestamp":"2024-12-29T17:12:58.949Z","level":"ERROR","message":"Failed to send WhatsApp message to Arunnia Salsa","method":"N/A","url":"N/A","error":"Account AC5a2ad35b6135a91f58f3af27ebad7656 exceeded the null daily messages limit","phoneNumber":"+62896789456"}
{"timestamp":"2024-12-29T17:12:59.011Z","level":"INFO","message":"WhatsApp message sent for Event ID: a2953384-9fff-4278-8444-f3d8991ed458 to Aisyah","method":"N/A","url":"N/A","phoneNumber":"+62896456123","messageId":"SM3ff78558f5c30a9b83dba69f4a1b79e0"}
{"timestamp":"2024-12-29T17:12:59.013Z","level":"INFO","message":"WhatsApp message sent for Event ID: a2953384-9fff-4278-8444-f3d8991ed458 to Ruffino Ahmad Noor","method":"N/A","url":"N/A","phoneNumber":"+6289671207356","messageId":"SM9307ad6a45cde558a894c9b0d8cc6ca2"}
{"timestamp":"2024-12-29T17:13:08.404Z","level":"ERROR","message":"Failed to send WhatsApp message to Arunnia Salsa","method":"N/A","url":"N/A","error":"Account AC5a2ad35b6135a91f58f3af27ebad7656 exceeded the null daily messages limit","phoneNumber":"+62896789456"}
{"timestamp":"2024-12-29T17:13:08.408Z","level":"ERROR","message":"Failed to send WhatsApp message to Aisyah","method":"N/A","url":"N/A","error":"Account AC5a2ad35b6135a91f58f3af27ebad7656 exceeded the null daily messages limit","phoneNumber":"+62896456123"}
{"timestamp":"2024-12-29T17:13:08.431Z","level":"ERROR","message":"Failed to send WhatsApp message to Ruffino Ahmad Noor","method":"N/A","url":"N/A","error":"Account AC5a2ad35b6135a91f58f3af27ebad7656 exceeded the null daily messages limit","phoneNumber":"+6289671207356"}
{"timestamp":"2024-12-29T17:13:12.549Z","level":"ERROR","message":"Failed to send WhatsApp message to Arunnia Salsa","method":"N/A","url":"N/A","error":"Account AC5a2ad35b6135a91f58f3af27ebad7656 exceeded the null daily messages limit","phoneNumber":"+62896789456"}
{"timestamp":"2024-12-29T17:13:12.552Z","level":"ERROR","message":"Failed to send WhatsApp message to Aisyah","method":"N/A","url":"N/A","error":"Account AC5a2ad35b6135a91f58f3af27ebad7656 exceeded the null daily messages limit","phoneNumber":"+62896456123"}
{"timestamp":"2024-12-29T17:13:12.562Z","level":"ERROR","message":"Failed to send WhatsApp message to Ruffino Ahmad Noor","method":"N/A","url":"N/A","error":"Account AC5a2ad35b6135a91f58f3af27ebad7656 exceeded the null daily messages limit","phoneNumber":"+6289671207356"}
{"timestamp":"2024-12-29T17:13:29.249Z","level":"ERROR","message":"Failed to send WhatsApp message to Ruffino Ahmad Noor","method":"N/A","url":"N/A","error":"Account AC5a2ad35b6135a91f58f3af27ebad7656 exceeded the null daily messages limit","phoneNumber":"+6289671207356"}
{"timestamp":"2024-12-29T17:13:29.252Z","level":"ERROR","message":"Failed to send WhatsApp message to Arunnia Salsa","method":"N/A","url":"N/A","error":"Account AC5a2ad35b6135a91f58f3af27ebad7656 exceeded the null daily messages limit","phoneNumber":"+62896789456"}
{"timestamp":"2024-12-29T17:13:29.357Z","level":"INFO","message":"WhatsApp message sent for news ID: 0639677c-2355-48d4-8b59-9987d278d4bd to Aisyah","method":"N/A","url":"N/A","phoneNumber":"+62896456123","messageId":"SM2013bdf250b8ca78f59f9069a14e4ed4"}
{"timestamp":"2024-12-29T17:13:53.199Z","level":"ERROR","message":"Failed to send WhatsApp message to Aisyah","method":"N/A","url":"N/A","error":"Account AC5a2ad35b6135a91f58f3af27ebad7656 exceeded the null daily messages limit","phoneNumber":"+62896456123"}
{"timestamp":"2024-12-29T17:13:53.202Z","level":"ERROR","message":"Failed to send WhatsApp message to Ruffino Ahmad Noor","method":"N/A","url":"N/A","error":"Account AC5a2ad35b6135a91f58f3af27ebad7656 exceeded the null daily messages limit","phoneNumber":"+6289671207356"}
{"timestamp":"2024-12-29T17:13:53.205Z","level":"ERROR","message":"Failed to send WhatsApp message to Arunnia Salsa","method":"N/A","url":"N/A","error":"Account AC5a2ad35b6135a91f58f3af27ebad7656 exceeded the null daily messages limit","phoneNumber":"+62896789456"}
{"timestamp":"2024-12-29T17:14:05.398Z","level":"ERROR","message":"Failed to send WhatsApp message to Arunnia Salsa","method":"N/A","url":"N/A","error":"Account AC5a2ad35b6135a91f58f3af27ebad7656 exceeded the null daily messages limit","phoneNumber":"+62896789456"}
{"timestamp":"2024-12-29T17:14:05.405Z","level":"ERROR","message":"Failed to send WhatsApp message to Aisyah","method":"N/A","url":"N/A","error":"Account AC5a2ad35b6135a91f58f3af27ebad7656 exceeded the null daily messages limit","phoneNumber":"+62896456123"}
{"timestamp":"2024-12-29T17:14:05.407Z","level":"ERROR","message":"Failed to send WhatsApp message to Ruffino Ahmad Noor","method":"N/A","url":"N/A","error":"Account AC5a2ad35b6135a91f58f3af27ebad7656 exceeded the null daily messages limit","phoneNumber":"+6289671207356"}
{"timestamp":"2024-12-29T17:14:12.787Z","level":"ERROR","message":"Failed to send WhatsApp message to Arunnia Salsa","method":"N/A","url":"N/A","error":"Account AC5a2ad35b6135a91f58f3af27ebad7656 exceeded the null daily messages limit","phoneNumber":"+62896789456"}
{"timestamp":"2024-12-29T17:14:12.791Z","level":"ERROR","message":"Failed to send WhatsApp message to Aisyah","method":"N/A","url":"N/A","error":"Account AC5a2ad35b6135a91f58f3af27ebad7656 exceeded the null daily messages limit","phoneNumber":"+62896456123"}
{"timestamp":"2024-12-29T17:14:12.793Z","level":"ERROR","message":"Failed to send WhatsApp message to Ruffino Ahmad Noor","method":"N/A","url":"N/A","error":"Account AC5a2ad35b6135a91f58f3af27ebad7656 exceeded the null daily messages limit","phoneNumber":"+6289671207356"}
{"timestamp":"2024-12-29T17:15:57.974Z","level":"ERROR","message":"Failed to send WhatsApp message to Arunnia Salsa","method":"N/A","url":"N/A","error":"Account AC5a2ad35b6135a91f58f3af27ebad7656 exceeded the null daily messages limit","phoneNumber":"+62896789456"}
{"timestamp":"2024-12-29T17:15:57.986Z","level":"ERROR","message":"Failed to send WhatsApp message to Aisyah","method":"N/A","url":"N/A","error":"Account AC5a2ad35b6135a91f58f3af27ebad7656 exceeded the null daily messages limit","phoneNumber":"+62896456123"}
{"timestamp":"2024-12-29T17:15:58.000Z","level":"ERROR","message":"Failed to send WhatsApp message to Ruffino Ahmad Noor","method":"N/A","url":"N/A","error":"Account AC5a2ad35b6135a91f58f3af27ebad7656 exceeded the null daily messages limit","phoneNumber":"+6289671207356"}
{"timestamp":"2024-12-29T17:17:24.663Z","level":"INFO","message":"Login successful","method":"POST","url":"/api/v1/auth/login","userId":"ab834b10-6ff2-459f-b12b-78a7e391521e"}
{"timestamp":"2024-12-29T17:17:24.667Z","level":"INFO","message":"Token created successfully","method":"POST","url":"/api/v1/auth/login","userId":"ab834b10-6ff2-459f-b12b-78a7e391521e"}
{"timestamp":"2024-12-29T17:17:30.652Z","level":"INFO","message":"User logged out","method":"POST","url":"/api/v1/auth/logout","userId":"ab834b10-6ff2-459f-b12b-78a7e391521e"}
{"timestamp":"2024-12-29T17:17:38.458Z","level":"WARN","message":"Login failed, incorrect password","method":"POST","url":"/api/v1/auth/login","username":"ruffino.ahmad"}
{"timestamp":"2024-12-29T17:19:41.283Z","level":"INFO","message":"Login successful","method":"POST","url":"/api/v1/auth/login","userId":"5bba43d2-19aa-45bc-8129-ec3799af208f"}
{"timestamp":"2024-12-29T17:19:41.288Z","level":"INFO","message":"Token created successfully","method":"POST","url":"/api/v1/auth/login","userId":"5bba43d2-19aa-45bc-8129-ec3799af208f"}
{"timestamp":"2024-12-29T17:21:18.729Z","level":"INFO","message":"User logged out","method":"POST","url":"/api/v1/auth/logout","userId":"5bba43d2-19aa-45bc-8129-ec3799af208f"}
{"timestamp":"2024-12-29T17:21:28.141Z","level":"INFO","message":"Login successful","method":"POST","url":"/api/v1/auth/login","userId":"ab834b10-6ff2-459f-b12b-78a7e391521e"}
{"timestamp":"2024-12-29T17:21:28.144Z","level":"INFO","message":"Token created successfully","method":"POST","url":"/api/v1/auth/login","userId":"ab834b10-6ff2-459f-b12b-78a7e391521e"}
{"timestamp":"2024-12-29T17:22:02.290Z","level":"ERROR","message":"Failed to send WhatsApp message to Ruffino Ahmad Noor","method":"N/A","url":"N/A","error":"Account AC5a2ad35b6135a91f58f3af27ebad7656 exceeded the null daily messages limit","phoneNumber":"+6289671207356"}
{"timestamp":"2024-12-29T17:22:02.297Z","level":"ERROR","message":"Failed to send WhatsApp message to Aisyah","method":"N/A","url":"N/A","error":"Account AC5a2ad35b6135a91f58f3af27ebad7656 exceeded the null daily messages limit","phoneNumber":"+62896456123"}
{"timestamp":"2024-12-29T17:22:02.304Z","level":"ERROR","message":"Failed to send WhatsApp message to Arunnia Salsa","method":"N/A","url":"N/A","error":"Account AC5a2ad35b6135a91f58f3af27ebad7656 exceeded the null daily messages limit","phoneNumber":"+62896789456"}
{"timestamp":"2024-12-29T17:23:54.173Z","level":"ERROR","message":"Failed to send WhatsApp message to Aisyah","method":"N/A","url":"N/A","error":"Account AC5a2ad35b6135a91f58f3af27ebad7656 exceeded the null daily messages limit","phoneNumber":"+62896456123"}
{"timestamp":"2024-12-29T17:23:54.178Z","level":"ERROR","message":"Failed to send WhatsApp message to Ruffino Ahmad Noor","method":"N/A","url":"N/A","error":"Account AC5a2ad35b6135a91f58f3af27ebad7656 exceeded the null daily messages limit","phoneNumber":"+6289671207356"}
{"timestamp":"2024-12-29T17:23:54.189Z","level":"ERROR","message":"Failed to send WhatsApp message to Arunnia Salsa","method":"N/A","url":"N/A","error":"Account AC5a2ad35b6135a91f58f3af27ebad7656 exceeded the null daily messages limit","phoneNumber":"+62896789456"}
{"timestamp":"2024-12-29T17:24:23.842Z","level":"ERROR","message":"Failed to send WhatsApp message to Ruffino Ahmad Noor","method":"N/A","url":"N/A","error":"Account AC5a2ad35b6135a91f58f3af27ebad7656 exceeded the null daily messages limit","phoneNumber":"+6289671207356"}
{"timestamp":"2024-12-29T17:24:23.845Z","level":"ERROR","message":"Failed to send WhatsApp message to Arunnia Salsa","method":"N/A","url":"N/A","error":"Account AC5a2ad35b6135a91f58f3af27ebad7656 exceeded the null daily messages limit","phoneNumber":"+62896789456"}
{"timestamp":"2024-12-29T17:24:23.848Z","level":"ERROR","message":"Failed to send WhatsApp message to Aisyah","method":"N/A","url":"N/A","error":"Account AC5a2ad35b6135a91f58f3af27ebad7656 exceeded the null daily messages limit","phoneNumber":"+62896456123"}
{"timestamp":"2024-12-29T17:25:00.226Z","level":"ERROR","message":"Failed to send WhatsApp message to Aisyah","method":"N/A","url":"N/A","error":"Account AC5a2ad35b6135a91f58f3af27ebad7656 exceeded the null daily messages limit","phoneNumber":"+62896456123"}
{"timestamp":"2024-12-29T17:25:00.232Z","level":"ERROR","message":"Failed to send WhatsApp message to Ruffino Ahmad Noor","method":"N/A","url":"N/A","error":"Account AC5a2ad35b6135a91f58f3af27ebad7656 exceeded the null daily messages limit","phoneNumber":"+6289671207356"}
{"timestamp":"2024-12-29T17:25:00.235Z","level":"ERROR","message":"Failed to send WhatsApp message to Arunnia Salsa","method":"N/A","url":"N/A","error":"Account AC5a2ad35b6135a91f58f3af27ebad7656 exceeded the null daily messages limit","phoneNumber":"+62896789456"}
{"timestamp":"2024-12-29T17:25:27.945Z","level":"ERROR","message":"Failed to send WhatsApp message to Arunnia Salsa","method":"N/A","url":"N/A","error":"Account AC5a2ad35b6135a91f58f3af27ebad7656 exceeded the null daily messages limit","phoneNumber":"+62896789456"}
{"timestamp":"2024-12-29T17:25:27.952Z","level":"ERROR","message":"Failed to send WhatsApp message to Ruffino Ahmad Noor","method":"N/A","url":"N/A","error":"Account AC5a2ad35b6135a91f58f3af27ebad7656 exceeded the null daily messages limit","phoneNumber":"+6289671207356"}
{"timestamp":"2024-12-29T17:25:27.955Z","level":"ERROR","message":"Failed to send WhatsApp message to Aisyah","method":"N/A","url":"N/A","error":"Account AC5a2ad35b6135a91f58f3af27ebad7656 exceeded the null daily messages limit","phoneNumber":"+62896456123"}
{"timestamp":"2024-12-29T17:26:04.335Z","level":"ERROR","message":"Failed to send WhatsApp message to Ruffino Ahmad Noor","method":"N/A","url":"N/A","error":"Account AC5a2ad35b6135a91f58f3af27ebad7656 exceeded the null daily messages limit","phoneNumber":"+6289671207356"}
{"timestamp":"2024-12-29T17:26:04.985Z","level":"ERROR","message":"Failed to send WhatsApp message to Arunnia Salsa","method":"N/A","url":"N/A","error":"Account AC5a2ad35b6135a91f58f3af27ebad7656 exceeded the null daily messages limit","phoneNumber":"+62896789456"}
{"timestamp":"2024-12-29T17:26:05.010Z","level":"ERROR","message":"Failed to send WhatsApp message to Aisyah","method":"N/A","url":"N/A","error":"Account AC5a2ad35b6135a91f58f3af27ebad7656 exceeded the null daily messages limit","phoneNumber":"+62896456123"}
{"timestamp":"2024-12-29T17:26:27.195Z","level":"ERROR","message":"Failed to send WhatsApp message to Aisyah","method":"N/A","url":"N/A","error":"Account AC5a2ad35b6135a91f58f3af27ebad7656 exceeded the null daily messages limit","phoneNumber":"+62896456123"}
{"timestamp":"2024-12-29T17:26:27.198Z","level":"ERROR","message":"Failed to send WhatsApp message to Ruffino Ahmad Noor","method":"N/A","url":"N/A","error":"Account AC5a2ad35b6135a91f58f3af27ebad7656 exceeded the null daily messages limit","phoneNumber":"+6289671207356"}
{"timestamp":"2024-12-29T17:26:27.212Z","level":"ERROR","message":"Failed to send WhatsApp message to Arunnia Salsa","method":"N/A","url":"N/A","error":"Account AC5a2ad35b6135a91f58f3af27ebad7656 exceeded the null daily messages limit","phoneNumber":"+62896789456"}
{"timestamp":"2024-12-29T17:26:32.709Z","level":"ERROR","message":"Failed to send WhatsApp message to Arunnia Salsa","method":"N/A","url":"N/A","error":"Account AC5a2ad35b6135a91f58f3af27ebad7656 exceeded the null daily messages limit","phoneNumber":"+62896789456"}
{"timestamp":"2024-12-29T17:26:32.713Z","level":"ERROR","message":"Failed to send WhatsApp message to Aisyah","method":"N/A","url":"N/A","error":"Account AC5a2ad35b6135a91f58f3af27ebad7656 exceeded the null daily messages limit","phoneNumber":"+62896456123"}
{"timestamp":"2024-12-29T17:26:32.717Z","level":"ERROR","message":"Failed to send WhatsApp message to Ruffino Ahmad Noor","method":"N/A","url":"N/A","error":"Account AC5a2ad35b6135a91f58f3af27ebad7656 exceeded the null daily messages limit","phoneNumber":"+6289671207356"}
{"timestamp":"2024-12-29T17:26:41.621Z","level":"ERROR","message":"Failed to send WhatsApp message to Arunnia Salsa","method":"N/A","url":"N/A","error":"Account AC5a2ad35b6135a91f58f3af27ebad7656 exceeded the null daily messages limit","phoneNumber":"+62896789456"}
{"timestamp":"2024-12-29T17:26:41.624Z","level":"ERROR","message":"Failed to send WhatsApp message to Aisyah","method":"N/A","url":"N/A","error":"Account AC5a2ad35b6135a91f58f3af27ebad7656 exceeded the null daily messages limit","phoneNumber":"+62896456123"}
{"timestamp":"2024-12-29T17:26:45.077Z","level":"ERROR","message":"Failed to send WhatsApp message to Ruffino Ahmad Noor","method":"N/A","url":"N/A","error":"Account AC5a2ad35b6135a91f58f3af27ebad7656 exceeded the null daily messages limit","phoneNumber":"+6289671207356"}
